[2019-04-17 10:04:22,24] [info] Running with database db.url = jdbc:hsqldb:mem:c3454b94-93ed-4009-968e-2be704b2db54;shutdown=false;hsqldb.tx=mvcc
[2019-04-17 10:04:30,68] [info] Running migration RenameWorkflowOptionsInMetadata with a read batch size of 100000 and a write batch size of 100000
[2019-04-17 10:04:30,70] [info] [RenameWorkflowOptionsInMetadata] 100%
[2019-04-17 10:04:30,79] [info] Running with database db.url = jdbc:hsqldb:mem:0fe38ed5-b293-435a-b61a-4bd916611ca6;shutdown=false;hsqldb.tx=mvcc
[2019-04-17 10:04:31,24] [info] Slf4jLogger started
[2019-04-17 10:04:31,79] [info] Workflow heartbeat configuration:
{
  "cromwellId" : "cromid-86cc732",
  "heartbeatInterval" : "2 minutes",
  "ttl" : "10 minutes",
  "writeBatchSize" : 10000,
  "writeThreshold" : 10000
}
[2019-04-17 10:04:31,84] [info] Metadata summary refreshing every 2 seconds.
[2019-04-17 10:04:31,89] [info] KvWriteActor configured to flush with batch size 200 and process rate 5 seconds.
[2019-04-17 10:04:31,89] [info] WriteMetadataActor configured to flush with batch size 200 and process rate 5 seconds.
[2019-04-17 10:04:31,90] [info] CallCacheWriteActor configured to flush with batch size 100 and process rate 3 seconds.
[2019-04-17 10:04:32,96] [info] JobExecutionTokenDispenser - Distribution rate: 50 per 1 seconds.
[2019-04-17 10:04:32,98] [info] SingleWorkflowRunnerActor: Version 36
[2019-04-17 10:04:32,99] [info] SingleWorkflowRunnerActor: Submitting workflow
[2019-04-17 10:04:33,06] [info] Unspecified type (Unspecified version) workflow 529d1e38-80d0-44d2-8cd7-6e04f6de7fd4 submitted
[2019-04-17 10:04:33,09] [info] SingleWorkflowRunnerActor: Workflow submitted [38;5;2m529d1e38-80d0-44d2-8cd7-6e04f6de7fd4[0m
[2019-04-17 10:04:33,09] [info] 1 new workflows fetched
[2019-04-17 10:04:33,09] [info] WorkflowManagerActor Starting workflow [38;5;2m529d1e38-80d0-44d2-8cd7-6e04f6de7fd4[0m
[2019-04-17 10:04:33,10] [info] WorkflowManagerActor Successfully started WorkflowActor-529d1e38-80d0-44d2-8cd7-6e04f6de7fd4
[2019-04-17 10:04:33,10] [info] Retrieved 1 workflows from the WorkflowStoreActor
[2019-04-17 10:04:33,10] [[38;5;220mwarn[0m] SingleWorkflowRunnerActor: received unexpected message: Done in state RunningSwraData
[2019-04-17 10:04:33,11] [info] WorkflowStoreHeartbeatWriteActor configured to flush with batch size 10000 and process rate 2 minutes.
[2019-04-17 10:04:33,22] [info] MaterializeWorkflowDescriptorActor [[38;5;2m529d1e38[0m]: Parsing workflow as WDL draft-2
[2019-04-17 10:04:34,96] [info] MaterializeWorkflowDescriptorActor [[38;5;2m529d1e38[0m]: Call-to-Backend assignments: PairedEndSingleSampleWorkflow.CreateSequenceGroupingTSV -> SGE, PairedEndSingleSampleWorkflow.HaplotypeCaller -> SGE, PairedEndSingleSampleWorkflow.CheckContamination -> SGE, PairedEndSingleSampleWorkflow.CalculateReadGroupChecksum -> SGE, PairedEndSingleSampleWorkflow.CollectUnsortedReadgroupBamQualityMetrics -> SGE, PairedEndSingleSampleWorkflow.CrossCheckFingerprints -> SGE, PairedEndSingleSampleWorkflow.CramToBam -> SGE, PairedEndSingleSampleWorkflow.ApplyBQSR -> SGE, PairedEndSingleSampleWorkflow.CollectRawWgsMetrics -> SGE, PairedEndSingleSampleWorkflow.CollectReadgroupBamQualityMetrics -> SGE, PairedEndSingleSampleWorkflow.ConvertToCram -> SGE, PairedEndSingleSampleWorkflow.GatherBamFiles -> SGE, PairedEndSingleSampleWorkflow.MarkDuplicates -> SGE, PairedEndSingleSampleWorkflow.CollectWgsMetrics -> SGE, PairedEndSingleSampleWorkflow.SamToFastqAndBwaMem -> SGE, PairedEndSingleSampleWorkflow.BaseRecalibrator -> SGE, PairedEndSingleSampleWorkflow.ValidateReadGroupSamFile -> SGE, PairedEndSingleSampleWorkflow.CollectQualityYieldMetrics -> SGE, PairedEndSingleSampleWorkflow.MergeVCFs -> SGE, PairedEndSingleSampleWorkflow.SortAndFixSampleBam -> SGE, PairedEndSingleSampleWorkflow.GetBwaVersion -> SGE, PairedEndSingleSampleWorkflow.CheckFingerprint -> SGE, PairedEndSingleSampleWorkflow.ValidateGVCF -> SGE, PairedEndSingleSampleWorkflow.ValidateBamFromCram -> SGE, PairedEndSingleSampleWorkflow.CheckFinalVcfExtension -> SGE, PairedEndSingleSampleWorkflow.SortAndFixReadGroupBam -> SGE, PairedEndSingleSampleWorkflow.GatherBqsrReports -> SGE, PairedEndSingleSampleWorkflow.MergeBamAlignment -> SGE, PairedEndSingleSampleWorkflow.ValidateAggregatedSamFile -> SGE, PairedEndSingleSampleWorkflow.CollectGvcfCallingMetrics -> SGE, PairedEndSingleSampleWorkflow.CollectAggregationMetrics -> SGE
[2019-04-17 10:04:35,13] [[38;5;220mwarn[0m] SGE [[38;5;2m529d1e38[0m]: Key/s [preemptible] is/are not supported by backend. Unsupported attributes will not be part of job executions.
[2019-04-17 10:04:35,13] [[38;5;220mwarn[0m] SGE [[38;5;2m529d1e38[0m]: Key/s [preemptible, disks] is/are not supported by backend. Unsupported attributes will not be part of job executions.
[2019-04-17 10:04:35,13] [[38;5;220mwarn[0m] SGE [[38;5;2m529d1e38[0m]: Key/s [disks, preemptible] is/are not supported by backend. Unsupported attributes will not be part of job executions.
[2019-04-17 10:04:35,13] [[38;5;220mwarn[0m] SGE [[38;5;2m529d1e38[0m]: Key/s [disks, preemptible] is/are not supported by backend. Unsupported attributes will not be part of job executions.
[2019-04-17 10:04:35,13] [[38;5;220mwarn[0m] SGE [[38;5;2m529d1e38[0m]: Key/s [disks] is/are not supported by backend. Unsupported attributes will not be part of job executions.
[2019-04-17 10:04:35,13] [[38;5;220mwarn[0m] SGE [[38;5;2m529d1e38[0m]: Key/s [disks, preemptible] is/are not supported by backend. Unsupported attributes will not be part of job executions.
[2019-04-17 10:04:35,13] [[38;5;220mwarn[0m] SGE [[38;5;2m529d1e38[0m]: Key/s [disks] is/are not supported by backend. Unsupported attributes will not be part of job executions.
[2019-04-17 10:04:35,14] [[38;5;220mwarn[0m] SGE [[38;5;2m529d1e38[0m]: Key/s [disks, preemptible] is/are not supported by backend. Unsupported attributes will not be part of job executions.
[2019-04-17 10:04:35,14] [[38;5;220mwarn[0m] SGE [[38;5;2m529d1e38[0m]: Key/s [disks] is/are not supported by backend. Unsupported attributes will not be part of job executions.
[2019-04-17 10:04:35,14] [[38;5;220mwarn[0m] SGE [[38;5;2m529d1e38[0m]: Key/s [disks] is/are not supported by backend. Unsupported attributes will not be part of job executions.
[2019-04-17 10:04:35,14] [[38;5;220mwarn[0m] SGE [[38;5;2m529d1e38[0m]: Key/s [preemptible, disks] is/are not supported by backend. Unsupported attributes will not be part of job executions.
[2019-04-17 10:04:35,14] [[38;5;220mwarn[0m] SGE [[38;5;2m529d1e38[0m]: Key/s [disks, preemptible] is/are not supported by backend. Unsupported attributes will not be part of job executions.
[2019-04-17 10:04:35,14] [[38;5;220mwarn[0m] SGE [[38;5;2m529d1e38[0m]: Key/s [disks] is/are not supported by backend. Unsupported attributes will not be part of job executions.
[2019-04-17 10:04:35,14] [[38;5;220mwarn[0m] SGE [[38;5;2m529d1e38[0m]: Key/s [disks] is/are not supported by backend. Unsupported attributes will not be part of job executions.
[2019-04-17 10:04:35,14] [[38;5;220mwarn[0m] SGE [[38;5;2m529d1e38[0m]: Key/s [preemptible, disks] is/are not supported by backend. Unsupported attributes will not be part of job executions.
[2019-04-17 10:04:35,14] [[38;5;220mwarn[0m] SGE [[38;5;2m529d1e38[0m]: Key/s [disks, preemptible] is/are not supported by backend. Unsupported attributes will not be part of job executions.
[2019-04-17 10:04:35,14] [[38;5;220mwarn[0m] SGE [[38;5;2m529d1e38[0m]: Key/s [disks, preemptible] is/are not supported by backend. Unsupported attributes will not be part of job executions.
[2019-04-17 10:04:35,14] [[38;5;220mwarn[0m] SGE [[38;5;2m529d1e38[0m]: Key/s [disks, preemptible] is/are not supported by backend. Unsupported attributes will not be part of job executions.
[2019-04-17 10:04:35,14] [[38;5;220mwarn[0m] SGE [[38;5;2m529d1e38[0m]: Key/s [disks, preemptible] is/are not supported by backend. Unsupported attributes will not be part of job executions.
[2019-04-17 10:04:35,15] [[38;5;220mwarn[0m] SGE [[38;5;2m529d1e38[0m]: Key/s [preemptible, disks] is/are not supported by backend. Unsupported attributes will not be part of job executions.
[2019-04-17 10:04:35,15] [[38;5;220mwarn[0m] SGE [[38;5;2m529d1e38[0m]: Key/s [disks, preemptible] is/are not supported by backend. Unsupported attributes will not be part of job executions.
[2019-04-17 10:04:35,15] [[38;5;220mwarn[0m] SGE [[38;5;2m529d1e38[0m]: Key/s [disks, preemptible] is/are not supported by backend. Unsupported attributes will not be part of job executions.
[2019-04-17 10:04:35,15] [[38;5;220mwarn[0m] SGE [[38;5;2m529d1e38[0m]: Key/s [disks, preemptible] is/are not supported by backend. Unsupported attributes will not be part of job executions.
[2019-04-17 10:04:35,15] [[38;5;220mwarn[0m] SGE [[38;5;2m529d1e38[0m]: Key/s [preemptible, disks] is/are not supported by backend. Unsupported attributes will not be part of job executions.
[2019-04-17 10:04:35,15] [[38;5;220mwarn[0m] SGE [[38;5;2m529d1e38[0m]: Key/s [disks, preemptible] is/are not supported by backend. Unsupported attributes will not be part of job executions.
[2019-04-17 10:04:35,15] [[38;5;220mwarn[0m] SGE [[38;5;2m529d1e38[0m]: Key/s [preemptible, disks] is/are not supported by backend. Unsupported attributes will not be part of job executions.
[2019-04-17 10:04:35,15] [[38;5;220mwarn[0m] SGE [[38;5;2m529d1e38[0m]: Key/s [disks, preemptible] is/are not supported by backend. Unsupported attributes will not be part of job executions.
[2019-04-17 10:04:35,15] [[38;5;220mwarn[0m] SGE [[38;5;2m529d1e38[0m]: Key/s [disks, preemptible] is/are not supported by backend. Unsupported attributes will not be part of job executions.
[2019-04-17 10:04:35,15] [[38;5;220mwarn[0m] SGE [[38;5;2m529d1e38[0m]: Key/s [disks] is/are not supported by backend. Unsupported attributes will not be part of job executions.
[2019-04-17 10:04:36,43] [info] WorkflowExecutionActor-529d1e38-80d0-44d2-8cd7-6e04f6de7fd4 [[38;5;2m529d1e38[0m]: Starting PairedEndSingleSampleWorkflow.GetBwaVersion
[2019-04-17 10:04:37,76] [info] WorkflowExecutionActor-529d1e38-80d0-44d2-8cd7-6e04f6de7fd4 [[38;5;2m529d1e38[0m]: Starting PairedEndSingleSampleWorkflow.CheckFinalVcfExtension, PairedEndSingleSampleWorkflow.CreateSequenceGroupingTSV
[2019-04-17 10:04:37,96] [info] BackgroundConfigAsyncJobExecutionActor [[38;5;2m529d1e38[0mPairedEndSingleSampleWorkflow.GetBwaVersion:NA:1]: [38;5;5m# Not setting "set -o pipefail" here because /bwa has a rc=1 and we don't want to allow rc=1 to succeed 
# because the sed may also fail with that error and that is something we actually want to fail on.
/usr/gitc/bwa 2>&1 | \
grep -e '^Version' | \
sed 's/Version: //'[0m
[2019-04-17 10:04:38,09] [info] BackgroundConfigAsyncJobExecutionActor [[38;5;2m529d1e38[0mPairedEndSingleSampleWorkflow.GetBwaVersion:NA:1]: executing: export TMPDIR=/home/evansj/me/tmp/
module load singularity

export SIMG=/home/evansj/me/projects/asif/images/
mkdir -p /home/evansj/me/projects/asif/images/broadinstitute
if [ ! -f /home/evansj/me/projects/asif/images/broadinstitute/genomes-in-the-cloud@sha256:d7aa37fc8351074a2d6fb949932d3283cdcefdc8e53729dcf7202bee16ab660a.simg ]; then
    singularity build /home/evansj/me/projects/asif/images/broadinstitute/genomes-in-the-cloud@sha256:d7aa37fc8351074a2d6fb949932d3283cdcefdc8e53729dcf7202bee16ab660a.simg docker://broadinstitute/genomes-in-the-cloud@sha256:d7aa37fc8351074a2d6fb949932d3283cdcefdc8e53729dcf7202bee16ab660a
fi

echo "singularity exec --bind /mnt/isilon/dbhi_bfx/perry/projects/asif/seq-format-conversion/cromwell-executions/PairedEndSingleSampleWorkflow/529d1e38-80d0-44d2-8cd7-6e04f6de7fd4/call-GetBwaVersion:/cromwell-executions/PairedEndSingleSampleWorkflow/529d1e38-80d0-44d2-8cd7-6e04f6de7fd4/call-GetBwaVersion /home/evansj/me/projects/asif/images/broadinstitute/genomes-in-the-cloud@sha256:d7aa37fc8351074a2d6fb949932d3283cdcefdc8e53729dcf7202bee16ab660a.simg /bin/bash /cromwell-executions/PairedEndSingleSampleWorkflow/529d1e38-80d0-44d2-8cd7-6e04f6de7fd4/call-GetBwaVersion/execution/script" | qsub \
-terse \
-V \
-b n \
-N cromwell_529d1e38_GetBwaVersion \
-wd /mnt/isilon/dbhi_bfx/perry/projects/asif/seq-format-conversion/cromwell-executions/PairedEndSingleSampleWorkflow/529d1e38-80d0-44d2-8cd7-6e04f6de7fd4/call-GetBwaVersion \
-pe smp 1 \
-l h_vmem=1.0g \
-l m_mem_free=1.0g \
-q all.q
[2019-04-17 10:04:38,21] [[38;5;220mwarn[0m] BackgroundConfigAsyncJobExecutionActor [[38;5;2m529d1e38[0mPairedEndSingleSampleWorkflow.CreateSequenceGroupingTSV:NA:1]: Unrecognized runtime attribute keys: preemptible
[2019-04-17 10:04:38,23] [info] BackgroundConfigAsyncJobExecutionActor [[38;5;2m529d1e38[0mPairedEndSingleSampleWorkflow.CheckFinalVcfExtension:NA:1]: [38;5;5mpython <<CODE
import os
import sys
filename="EG0081M.g.vcf.gz"
if not filename.endswith(".g.vcf.gz"):
  raise Exception("input","output GVCF filename must end with '.g.vcf.gz', found %s"%(filename))
  sys.exit(1) 
CODE[0m
[2019-04-17 10:04:38,25] [info] BackgroundConfigAsyncJobExecutionActor [[38;5;2m529d1e38[0mPairedEndSingleSampleWorkflow.CheckFinalVcfExtension:NA:1]: executing: export TMPDIR=/home/evansj/me/tmp/
module load singularity

export SIMG=/home/evansj/me/projects/asif/images/
mkdir -p /home/evansj/me/projects/asif/images/broadinstitute
if [ ! -f /home/evansj/me/projects/asif/images/python@sha256:55c18f359c28061ddf70ee194439e9a5b2bdc205df3e7559b419dad10086fc89.simg ]; then
    singularity build /home/evansj/me/projects/asif/images/python@sha256:55c18f359c28061ddf70ee194439e9a5b2bdc205df3e7559b419dad10086fc89.simg docker://python@sha256:55c18f359c28061ddf70ee194439e9a5b2bdc205df3e7559b419dad10086fc89
fi

echo "singularity exec --bind /mnt/isilon/dbhi_bfx/perry/projects/asif/seq-format-conversion/cromwell-executions/PairedEndSingleSampleWorkflow/529d1e38-80d0-44d2-8cd7-6e04f6de7fd4/call-CheckFinalVcfExtension:/cromwell-executions/PairedEndSingleSampleWorkflow/529d1e38-80d0-44d2-8cd7-6e04f6de7fd4/call-CheckFinalVcfExtension /home/evansj/me/projects/asif/images/python@sha256:55c18f359c28061ddf70ee194439e9a5b2bdc205df3e7559b419dad10086fc89.simg /bin/bash /cromwell-executions/PairedEndSingleSampleWorkflow/529d1e38-80d0-44d2-8cd7-6e04f6de7fd4/call-CheckFinalVcfExtension/execution/script" | qsub \
-terse \
-V \
-b n \
-N cromwell_529d1e38_CheckFinalVcfExtension \
-wd /mnt/isilon/dbhi_bfx/perry/projects/asif/seq-format-conversion/cromwell-executions/PairedEndSingleSampleWorkflow/529d1e38-80d0-44d2-8cd7-6e04f6de7fd4/call-CheckFinalVcfExtension \
-pe smp 1 \
-l h_vmem=2.0g \
-l m_mem_free=2.0g \
-q all.q
[2019-04-17 10:04:39,31] [info] BackgroundConfigAsyncJobExecutionActor [[38;5;2m529d1e38[0mPairedEndSingleSampleWorkflow.CreateSequenceGroupingTSV:NA:1]: [38;5;5mpython <<CODE
with open("/cromwell-executions/PairedEndSingleSampleWorkflow/529d1e38-80d0-44d2-8cd7-6e04f6de7fd4/call-CreateSequenceGroupingTSV/inputs/416317855/Homo_sapiens_assembly38.dict", "r") as ref_dict_file:
    sequence_tuple_list = []
    longest_sequence = 0
    for line in ref_dict_file:
        if line.startswith("@SQ"):
            line_split = line.split("\t")
            # (Sequence_Name, Sequence_Length)
            sequence_tuple_list.append((line_split[1].split("SN:")[1], int(line_split[2].split("LN:")[1])))
    longest_sequence = sorted(sequence_tuple_list, key=lambda x: x[1], reverse=True)[0][1]
# We are adding this to the intervals because hg38 has contigs named with embedded colons (:) and a bug in 
# some versions of GATK strips off the last element after a colon, so we add this as a sacrificial element.
hg38_protection_tag = ":1+"
# initialize the tsv string with the first sequence
tsv_string = sequence_tuple_list[0][0] + hg38_protection_tag
temp_size = sequence_tuple_list[0][1]
for sequence_tuple in sequence_tuple_list[1:]:
    if temp_size + sequence_tuple[1] <= longest_sequence:
        temp_size += sequence_tuple[1]
        tsv_string += "\t" + sequence_tuple[0] + hg38_protection_tag
    else:
        tsv_string += "\n" + sequence_tuple[0] + hg38_protection_tag
        temp_size = sequence_tuple[1]
# add the unmapped sequences as a separate line to ensure that they are recalibrated as well
with open("sequence_grouping.txt","w") as tsv_file:
  tsv_file.write(tsv_string)
  tsv_file.close()

tsv_string += '\n' + "unmapped"

with open("sequence_grouping_with_unmapped.txt","w") as tsv_file_with_unmapped:
  tsv_file_with_unmapped.write(tsv_string)
  tsv_file_with_unmapped.close()
CODE[0m
[2019-04-17 10:04:39,33] [info] BackgroundConfigAsyncJobExecutionActor [[38;5;2m529d1e38[0mPairedEndSingleSampleWorkflow.CreateSequenceGroupingTSV:NA:1]: executing: export TMPDIR=/home/evansj/me/tmp/
module load singularity

export SIMG=/home/evansj/me/projects/asif/images/
mkdir -p /home/evansj/me/projects/asif/images/broadinstitute
if [ ! -f /home/evansj/me/projects/asif/images/python@sha256:55c18f359c28061ddf70ee194439e9a5b2bdc205df3e7559b419dad10086fc89.simg ]; then
    singularity build /home/evansj/me/projects/asif/images/python@sha256:55c18f359c28061ddf70ee194439e9a5b2bdc205df3e7559b419dad10086fc89.simg docker://python@sha256:55c18f359c28061ddf70ee194439e9a5b2bdc205df3e7559b419dad10086fc89
fi

echo "singularity exec --bind /mnt/isilon/dbhi_bfx/perry/projects/asif/seq-format-conversion/cromwell-executions/PairedEndSingleSampleWorkflow/529d1e38-80d0-44d2-8cd7-6e04f6de7fd4/call-CreateSequenceGroupingTSV:/cromwell-executions/PairedEndSingleSampleWorkflow/529d1e38-80d0-44d2-8cd7-6e04f6de7fd4/call-CreateSequenceGroupingTSV /home/evansj/me/projects/asif/images/python@sha256:55c18f359c28061ddf70ee194439e9a5b2bdc205df3e7559b419dad10086fc89.simg /bin/bash /cromwell-executions/PairedEndSingleSampleWorkflow/529d1e38-80d0-44d2-8cd7-6e04f6de7fd4/call-CreateSequenceGroupingTSV/execution/script" | qsub \
-terse \
-V \
-b n \
-N cromwell_529d1e38_CreateSequenceGroupingTSV \
-wd /mnt/isilon/dbhi_bfx/perry/projects/asif/seq-format-conversion/cromwell-executions/PairedEndSingleSampleWorkflow/529d1e38-80d0-44d2-8cd7-6e04f6de7fd4/call-CreateSequenceGroupingTSV \
-pe smp 1 \
-l h_vmem=2.0g \
-l m_mem_free=2.0g \
-q all.q
[2019-04-17 10:04:41,11] [info] WorkflowExecutionActor-529d1e38-80d0-44d2-8cd7-6e04f6de7fd4 [[38;5;2m529d1e38[0m]: Starting PairedEndSingleSampleWorkflow.CollectQualityYieldMetrics, PairedEndSingleSampleWorkflow.SamToFastqAndBwaMem
[2019-04-17 10:04:41,98] [info] BackgroundConfigAsyncJobExecutionActor [[38;5;2m529d1e38[0mPairedEndSingleSampleWorkflow.CheckFinalVcfExtension:NA:1]: job id: 52310
[2019-04-17 10:04:41,99] [info] BackgroundConfigAsyncJobExecutionActor [[38;5;2m529d1e38[0mPairedEndSingleSampleWorkflow.GetBwaVersion:NA:1]: job id: 52298
[2019-04-17 10:04:41,99] [info] BackgroundConfigAsyncJobExecutionActor [[38;5;2m529d1e38[0mPairedEndSingleSampleWorkflow.CreateSequenceGroupingTSV:NA:1]: job id: 52318
[2019-04-17 10:04:42,03] [info] BackgroundConfigAsyncJobExecutionActor [[38;5;2m529d1e38[0mPairedEndSingleSampleWorkflow.CheckFinalVcfExtension:NA:1]: Status change from - to WaitingForReturnCode
[2019-04-17 10:04:42,03] [info] BackgroundConfigAsyncJobExecutionActor [[38;5;2m529d1e38[0mPairedEndSingleSampleWorkflow.CreateSequenceGroupingTSV:NA:1]: Status change from - to WaitingForReturnCode
[2019-04-17 10:04:42,03] [info] BackgroundConfigAsyncJobExecutionActor [[38;5;2m529d1e38[0mPairedEndSingleSampleWorkflow.GetBwaVersion:NA:1]: Status change from - to WaitingForReturnCode
[2019-04-17 10:04:42,04] [[38;5;220mwarn[0m] BackgroundConfigAsyncJobExecutionActor [[38;5;2m529d1e38[0mPairedEndSingleSampleWorkflow.SamToFastqAndBwaMem:0:1]: Unrecognized runtime attribute keys: preemptible, disks
[2019-04-17 10:04:42,04] [[38;5;220mwarn[0m] BackgroundConfigAsyncJobExecutionActor [[38;5;2m529d1e38[0mPairedEndSingleSampleWorkflow.CollectQualityYieldMetrics:0:1]: Unrecognized runtime attribute keys: preemptible, disks
[2019-04-17 10:04:42,10] [info] BackgroundConfigAsyncJobExecutionActor [[38;5;2m529d1e38[0mPairedEndSingleSampleWorkflow.CollectQualityYieldMetrics:0:1]: [38;5;5mjava -Xmx3g -jar /usr/gitc/picard.jar \
  CollectQualityYieldMetrics \
  INPUT=/cromwell-executions/PairedEndSingleSampleWorkflow/529d1e38-80d0-44d2-8cd7-6e04f6de7fd4/call-CollectQualityYieldMetrics/shard-0/inputs/-1254247744/EG0081M.unmapped.bam \
  OQ=true \
  OUTPUT=EG0081M.unmapped.unmapped.quality_yield_metrics[0m
[2019-04-17 10:04:42,12] [info] BackgroundConfigAsyncJobExecutionActor [[38;5;2m529d1e38[0mPairedEndSingleSampleWorkflow.CollectQualityYieldMetrics:0:1]: executing: export TMPDIR=/home/evansj/me/tmp/
module load singularity

export SIMG=/home/evansj/me/projects/asif/images/
mkdir -p /home/evansj/me/projects/asif/images/broadinstitute
if [ ! -f /home/evansj/me/projects/asif/images/broadinstitute/genomes-in-the-cloud@sha256:d7aa37fc8351074a2d6fb949932d3283cdcefdc8e53729dcf7202bee16ab660a.simg ]; then
    singularity build /home/evansj/me/projects/asif/images/broadinstitute/genomes-in-the-cloud@sha256:d7aa37fc8351074a2d6fb949932d3283cdcefdc8e53729dcf7202bee16ab660a.simg docker://broadinstitute/genomes-in-the-cloud@sha256:d7aa37fc8351074a2d6fb949932d3283cdcefdc8e53729dcf7202bee16ab660a
fi

echo "singularity exec --bind /mnt/isilon/dbhi_bfx/perry/projects/asif/seq-format-conversion/cromwell-executions/PairedEndSingleSampleWorkflow/529d1e38-80d0-44d2-8cd7-6e04f6de7fd4/call-CollectQualityYieldMetrics/shard-0:/cromwell-executions/PairedEndSingleSampleWorkflow/529d1e38-80d0-44d2-8cd7-6e04f6de7fd4/call-CollectQualityYieldMetrics/shard-0 /home/evansj/me/projects/asif/images/broadinstitute/genomes-in-the-cloud@sha256:d7aa37fc8351074a2d6fb949932d3283cdcefdc8e53729dcf7202bee16ab660a.simg /bin/bash /cromwell-executions/PairedEndSingleSampleWorkflow/529d1e38-80d0-44d2-8cd7-6e04f6de7fd4/call-CollectQualityYieldMetrics/shard-0/execution/script" | qsub \
-terse \
-V \
-b n \
-N cromwell_529d1e38_CollectQualityYieldMetrics \
-wd /mnt/isilon/dbhi_bfx/perry/projects/asif/seq-format-conversion/cromwell-executions/PairedEndSingleSampleWorkflow/529d1e38-80d0-44d2-8cd7-6e04f6de7fd4/call-CollectQualityYieldMetrics/shard-0 \
-pe smp 1 \
-l h_vmem=6.0g \
-l m_mem_free=6.0g \
-q all.q
[2019-04-17 10:04:42,21] [info] BackgroundConfigAsyncJobExecutionActor [[38;5;2m529d1e38[0mPairedEndSingleSampleWorkflow.SamToFastqAndBwaMem:0:1]: [38;5;5mset -o pipefail
set -e

# set the bash variable needed for the command-line
bash_ref_fasta=/cromwell-executions/PairedEndSingleSampleWorkflow/529d1e38-80d0-44d2-8cd7-6e04f6de7fd4/call-SamToFastqAndBwaMem/shard-0/inputs/416317855/Homo_sapiens_assembly38.fasta
# if ref_alt has data in it, we proceed
if [ -s /cromwell-executions/PairedEndSingleSampleWorkflow/529d1e38-80d0-44d2-8cd7-6e04f6de7fd4/call-SamToFastqAndBwaMem/shard-0/inputs/416317855/Homo_sapiens_assembly38.fasta.64.alt ]; then
  java -Xmx3000m -jar /usr/gitc/picard.jar \
    SamToFastq \
    INPUT=/cromwell-executions/PairedEndSingleSampleWorkflow/529d1e38-80d0-44d2-8cd7-6e04f6de7fd4/call-SamToFastqAndBwaMem/shard-0/inputs/-1254247744/EG0081M.unmapped.bam \
    FASTQ=/dev/stdout \
    INTERLEAVE=true \
    NON_PF=true | \
  /usr/gitc/bwa mem -K 100000000 -p -v 3 -t 16 -Y $bash_ref_fasta /dev/stdin -  2> >(tee EG0081M.unmapped.unmerged.bwa.stderr.log >&2) | \
  samtools view -1 - > EG0081M.unmapped.unmerged.bam

  grep -m1 "read .* ALT contigs" EG0081M.unmapped.unmerged.bwa.stderr.log | \
  grep -v "read 0 ALT contigs"

# else ref_alt is empty or could not be found, so we bail out
else
  exit 1;
fi[0m
[2019-04-17 10:04:42,22] [info] BackgroundConfigAsyncJobExecutionActor [[38;5;2m529d1e38[0mPairedEndSingleSampleWorkflow.SamToFastqAndBwaMem:0:1]: executing: export TMPDIR=/home/evansj/me/tmp/
module load singularity

export SIMG=/home/evansj/me/projects/asif/images/
mkdir -p /home/evansj/me/projects/asif/images/broadinstitute
if [ ! -f /home/evansj/me/projects/asif/images/broadinstitute/genomes-in-the-cloud@sha256:d7aa37fc8351074a2d6fb949932d3283cdcefdc8e53729dcf7202bee16ab660a.simg ]; then
    singularity build /home/evansj/me/projects/asif/images/broadinstitute/genomes-in-the-cloud@sha256:d7aa37fc8351074a2d6fb949932d3283cdcefdc8e53729dcf7202bee16ab660a.simg docker://broadinstitute/genomes-in-the-cloud@sha256:d7aa37fc8351074a2d6fb949932d3283cdcefdc8e53729dcf7202bee16ab660a
fi

echo "singularity exec --bind /mnt/isilon/dbhi_bfx/perry/projects/asif/seq-format-conversion/cromwell-executions/PairedEndSingleSampleWorkflow/529d1e38-80d0-44d2-8cd7-6e04f6de7fd4/call-SamToFastqAndBwaMem/shard-0:/cromwell-executions/PairedEndSingleSampleWorkflow/529d1e38-80d0-44d2-8cd7-6e04f6de7fd4/call-SamToFastqAndBwaMem/shard-0 /home/evansj/me/projects/asif/images/broadinstitute/genomes-in-the-cloud@sha256:d7aa37fc8351074a2d6fb949932d3283cdcefdc8e53729dcf7202bee16ab660a.simg /bin/bash /cromwell-executions/PairedEndSingleSampleWorkflow/529d1e38-80d0-44d2-8cd7-6e04f6de7fd4/call-SamToFastqAndBwaMem/shard-0/execution/script" | qsub \
-terse \
-V \
-b n \
-N cromwell_529d1e38_SamToFastqAndBwaMem \
-wd /mnt/isilon/dbhi_bfx/perry/projects/asif/seq-format-conversion/cromwell-executions/PairedEndSingleSampleWorkflow/529d1e38-80d0-44d2-8cd7-6e04f6de7fd4/call-SamToFastqAndBwaMem/shard-0 \
-pe smp 16 \
-l h_vmem=1.875g \
-l m_mem_free=1.875g \
-q all.q
[2019-04-17 10:04:46,92] [info] BackgroundConfigAsyncJobExecutionActor [[38;5;2m529d1e38[0mPairedEndSingleSampleWorkflow.SamToFastqAndBwaMem:0:1]: job id: 52375
[2019-04-17 10:04:46,92] [info] BackgroundConfigAsyncJobExecutionActor [[38;5;2m529d1e38[0mPairedEndSingleSampleWorkflow.CollectQualityYieldMetrics:0:1]: job id: 52367
[2019-04-17 10:04:46,92] [info] BackgroundConfigAsyncJobExecutionActor [[38;5;2m529d1e38[0mPairedEndSingleSampleWorkflow.SamToFastqAndBwaMem:0:1]: Status change from - to WaitingForReturnCode
[2019-04-17 10:04:46,92] [info] BackgroundConfigAsyncJobExecutionActor [[38;5;2m529d1e38[0mPairedEndSingleSampleWorkflow.CollectQualityYieldMetrics:0:1]: Status change from - to WaitingForReturnCode
[2019-04-17 10:05:10,40] [info] BackgroundConfigAsyncJobExecutionActor [[38;5;2m529d1e38[0mPairedEndSingleSampleWorkflow.GetBwaVersion:NA:1]: Status change from WaitingForReturnCode to Done
[2019-04-17 10:05:11,53] [info] BackgroundConfigAsyncJobExecutionActor [[38;5;2m529d1e38[0mPairedEndSingleSampleWorkflow.CheckFinalVcfExtension:NA:1]: Status change from WaitingForReturnCode to Done
[2019-04-17 10:05:12,32] [info] BackgroundConfigAsyncJobExecutionActor [[38;5;2m529d1e38[0mPairedEndSingleSampleWorkflow.CreateSequenceGroupingTSV:NA:1]: Status change from WaitingForReturnCode to Done
[2019-04-17 10:11:29,07] [info] BackgroundConfigAsyncJobExecutionActor [[38;5;2m529d1e38[0mPairedEndSingleSampleWorkflow.CollectQualityYieldMetrics:0:1]: Status change from WaitingForReturnCode to Done
[2019-04-17 10:43:17,00] [info] BackgroundConfigAsyncJobExecutionActor [[38;5;2m529d1e38[0mPairedEndSingleSampleWorkflow.SamToFastqAndBwaMem:0:1]: Status change from WaitingForReturnCode to Done
[2019-04-17 10:43:18,67] [info] WorkflowExecutionActor-529d1e38-80d0-44d2-8cd7-6e04f6de7fd4 [[38;5;2m529d1e38[0m]: Starting PairedEndSingleSampleWorkflow.MergeBamAlignment
[2019-04-17 10:43:18,99] [[38;5;220mwarn[0m] BackgroundConfigAsyncJobExecutionActor [[38;5;2m529d1e38[0mPairedEndSingleSampleWorkflow.MergeBamAlignment:0:1]: Unrecognized runtime attribute keys: preemptible, disks
[2019-04-17 10:43:19,18] [info] BackgroundConfigAsyncJobExecutionActor [[38;5;2m529d1e38[0mPairedEndSingleSampleWorkflow.MergeBamAlignment:0:1]: [38;5;5m# set the bash variable needed for the command-line
bash_ref_fasta=/cromwell-executions/PairedEndSingleSampleWorkflow/529d1e38-80d0-44d2-8cd7-6e04f6de7fd4/call-MergeBamAlignment/shard-0/inputs/416317855/Homo_sapiens_assembly38.fasta
java -Xmx2500m -jar /usr/gitc/picard.jar \
  MergeBamAlignment \
  VALIDATION_STRINGENCY=SILENT \
  EXPECTED_ORIENTATIONS=FR \
  ATTRIBUTES_TO_RETAIN=X0 \
  ALIGNED_BAM=/cromwell-executions/PairedEndSingleSampleWorkflow/529d1e38-80d0-44d2-8cd7-6e04f6de7fd4/call-MergeBamAlignment/shard-0/inputs/1341278600/EG0081M.unmapped.unmerged.bam \
  UNMAPPED_BAM=/cromwell-executions/PairedEndSingleSampleWorkflow/529d1e38-80d0-44d2-8cd7-6e04f6de7fd4/call-MergeBamAlignment/shard-0/inputs/-1254247744/EG0081M.unmapped.bam \
  OUTPUT=EG0081M.unmapped.aligned.unsorted.bam \
  REFERENCE_SEQUENCE=/cromwell-executions/PairedEndSingleSampleWorkflow/529d1e38-80d0-44d2-8cd7-6e04f6de7fd4/call-MergeBamAlignment/shard-0/inputs/416317855/Homo_sapiens_assembly38.fasta \
  PAIRED_RUN=true \
  SORT_ORDER="unsorted" \
  IS_BISULFITE_SEQUENCE=false \
  ALIGNED_READS_ONLY=false \
  CLIP_ADAPTERS=false \
  MAX_RECORDS_IN_RAM=2000000 \
  ADD_MATE_CIGAR=true \
  MAX_INSERTIONS_OR_DELETIONS=-1 \
  PRIMARY_ALIGNMENT_STRATEGY=MostDistant \
  PROGRAM_RECORD_ID="bwamem" \
  PROGRAM_GROUP_VERSION="0.7.15-r1140" \
  PROGRAM_GROUP_COMMAND_LINE="bwa mem -K 100000000 -p -v 3 -t 16 -Y $bash_ref_fasta" \
  PROGRAM_GROUP_NAME="bwamem" \
  UNMAPPED_READ_STRATEGY=COPY_TO_TAG \
  ALIGNER_PROPER_PAIR_FLAGS=true \
  UNMAP_CONTAMINANT_READS=true[0m
[2019-04-17 10:43:19,19] [info] BackgroundConfigAsyncJobExecutionActor [[38;5;2m529d1e38[0mPairedEndSingleSampleWorkflow.MergeBamAlignment:0:1]: executing: export TMPDIR=/home/evansj/me/tmp/
module load singularity

export SIMG=/home/evansj/me/projects/asif/images/
mkdir -p /home/evansj/me/projects/asif/images/broadinstitute
if [ ! -f /home/evansj/me/projects/asif/images/broadinstitute/genomes-in-the-cloud@sha256:d7aa37fc8351074a2d6fb949932d3283cdcefdc8e53729dcf7202bee16ab660a.simg ]; then
    singularity build /home/evansj/me/projects/asif/images/broadinstitute/genomes-in-the-cloud@sha256:d7aa37fc8351074a2d6fb949932d3283cdcefdc8e53729dcf7202bee16ab660a.simg docker://broadinstitute/genomes-in-the-cloud@sha256:d7aa37fc8351074a2d6fb949932d3283cdcefdc8e53729dcf7202bee16ab660a
fi

echo "singularity exec --bind /mnt/isilon/dbhi_bfx/perry/projects/asif/seq-format-conversion/cromwell-executions/PairedEndSingleSampleWorkflow/529d1e38-80d0-44d2-8cd7-6e04f6de7fd4/call-MergeBamAlignment/shard-0:/cromwell-executions/PairedEndSingleSampleWorkflow/529d1e38-80d0-44d2-8cd7-6e04f6de7fd4/call-MergeBamAlignment/shard-0 /home/evansj/me/projects/asif/images/broadinstitute/genomes-in-the-cloud@sha256:d7aa37fc8351074a2d6fb949932d3283cdcefdc8e53729dcf7202bee16ab660a.simg /bin/bash /cromwell-executions/PairedEndSingleSampleWorkflow/529d1e38-80d0-44d2-8cd7-6e04f6de7fd4/call-MergeBamAlignment/shard-0/execution/script" | qsub \
-terse \
-V \
-b n \
-N cromwell_529d1e38_MergeBamAlignment \
-wd /mnt/isilon/dbhi_bfx/perry/projects/asif/seq-format-conversion/cromwell-executions/PairedEndSingleSampleWorkflow/529d1e38-80d0-44d2-8cd7-6e04f6de7fd4/call-MergeBamAlignment/shard-0 \
-pe smp 3 \
-l h_vmem=3.0g \
-l m_mem_free=3.0g \
-q all.q
[2019-04-17 10:43:21,91] [info] BackgroundConfigAsyncJobExecutionActor [[38;5;2m529d1e38[0mPairedEndSingleSampleWorkflow.MergeBamAlignment:0:1]: job id: 63558
[2019-04-17 10:43:21,92] [info] BackgroundConfigAsyncJobExecutionActor [[38;5;2m529d1e38[0mPairedEndSingleSampleWorkflow.MergeBamAlignment:0:1]: Status change from - to WaitingForReturnCode
[2019-04-17 11:39:06,25] [info] BackgroundConfigAsyncJobExecutionActor [[38;5;2m529d1e38[0mPairedEndSingleSampleWorkflow.MergeBamAlignment:0:1]: Status change from WaitingForReturnCode to Done
[2019-04-17 11:39:07,55] [info] WorkflowExecutionActor-529d1e38-80d0-44d2-8cd7-6e04f6de7fd4 [[38;5;2m529d1e38[0m]: Starting PairedEndSingleSampleWorkflow.SortAndFixReadGroupBam, PairedEndSingleSampleWorkflow.CollectUnsortedReadgroupBamQualityMetrics
[2019-04-17 11:39:07,99] [[38;5;220mwarn[0m] BackgroundConfigAsyncJobExecutionActor [[38;5;2m529d1e38[0mPairedEndSingleSampleWorkflow.CollectUnsortedReadgroupBamQualityMetrics:0:1]: Unrecognized runtime attribute keys: disks
[2019-04-17 11:39:07,99] [[38;5;220mwarn[0m] BackgroundConfigAsyncJobExecutionActor [[38;5;2m529d1e38[0mPairedEndSingleSampleWorkflow.SortAndFixReadGroupBam:0:1]: Unrecognized runtime attribute keys: preemptible, disks
[2019-04-17 11:39:08,09] [info] BackgroundConfigAsyncJobExecutionActor [[38;5;2m529d1e38[0mPairedEndSingleSampleWorkflow.CollectUnsortedReadgroupBamQualityMetrics:0:1]: [38;5;5mjava -Xmx5000m -jar /usr/gitc/picard.jar \
  CollectMultipleMetrics \
  INPUT=/cromwell-executions/PairedEndSingleSampleWorkflow/529d1e38-80d0-44d2-8cd7-6e04f6de7fd4/call-CollectUnsortedReadgroupBamQualityMetrics/shard-0/inputs/-821506608/EG0081M.unmapped.aligned.unsorted.bam \
  OUTPUT=EG0081M.unmapped.readgroup \
  ASSUME_SORTED=true \
  PROGRAM="null" \
  PROGRAM="CollectBaseDistributionByCycle" \
  PROGRAM="CollectInsertSizeMetrics" \
  PROGRAM="MeanQualityByCycle" \
  PROGRAM="QualityScoreDistribution" \
  METRIC_ACCUMULATION_LEVEL="null" \
  METRIC_ACCUMULATION_LEVEL="ALL_READS"

touch EG0081M.unmapped.readgroup.insert_size_metrics
touch EG0081M.unmapped.readgroup.insert_size_histogram.pdf[0m
[2019-04-17 11:39:08,11] [info] BackgroundConfigAsyncJobExecutionActor [[38;5;2m529d1e38[0mPairedEndSingleSampleWorkflow.CollectUnsortedReadgroupBamQualityMetrics:0:1]: executing: export TMPDIR=/home/evansj/me/tmp/
module load singularity

export SIMG=/home/evansj/me/projects/asif/images/
mkdir -p /home/evansj/me/projects/asif/images/broadinstitute
if [ ! -f /home/evansj/me/projects/asif/images/broadinstitute/genomes-in-the-cloud@sha256:d7aa37fc8351074a2d6fb949932d3283cdcefdc8e53729dcf7202bee16ab660a.simg ]; then
    singularity build /home/evansj/me/projects/asif/images/broadinstitute/genomes-in-the-cloud@sha256:d7aa37fc8351074a2d6fb949932d3283cdcefdc8e53729dcf7202bee16ab660a.simg docker://broadinstitute/genomes-in-the-cloud@sha256:d7aa37fc8351074a2d6fb949932d3283cdcefdc8e53729dcf7202bee16ab660a
fi

echo "singularity exec --bind /mnt/isilon/dbhi_bfx/perry/projects/asif/seq-format-conversion/cromwell-executions/PairedEndSingleSampleWorkflow/529d1e38-80d0-44d2-8cd7-6e04f6de7fd4/call-CollectUnsortedReadgroupBamQualityMetrics/shard-0:/cromwell-executions/PairedEndSingleSampleWorkflow/529d1e38-80d0-44d2-8cd7-6e04f6de7fd4/call-CollectUnsortedReadgroupBamQualityMetrics/shard-0 /home/evansj/me/projects/asif/images/broadinstitute/genomes-in-the-cloud@sha256:d7aa37fc8351074a2d6fb949932d3283cdcefdc8e53729dcf7202bee16ab660a.simg /bin/bash /cromwell-executions/PairedEndSingleSampleWorkflow/529d1e38-80d0-44d2-8cd7-6e04f6de7fd4/call-CollectUnsortedReadgroupBamQualityMetrics/shard-0/execution/script" | qsub \
-terse \
-V \
-b n \
-N cromwell_529d1e38_CollectUnsortedReadgroupBamQualityMetrics \
-wd /mnt/isilon/dbhi_bfx/perry/projects/asif/seq-format-conversion/cromwell-executions/PairedEndSingleSampleWorkflow/529d1e38-80d0-44d2-8cd7-6e04f6de7fd4/call-CollectUnsortedReadgroupBamQualityMetrics/shard-0 \
-pe smp 1 \
-l h_vmem=9.0g \
-l m_mem_free=9.0g \
-q all.q
[2019-04-17 11:39:08,20] [info] BackgroundConfigAsyncJobExecutionActor [[38;5;2m529d1e38[0mPairedEndSingleSampleWorkflow.SortAndFixReadGroupBam:0:1]: [38;5;5mset -o pipefail

java -Xmx8000m -jar /usr/gitc/picard.jar \
SortSam \
INPUT=/cromwell-executions/PairedEndSingleSampleWorkflow/529d1e38-80d0-44d2-8cd7-6e04f6de7fd4/call-SortAndFixReadGroupBam/shard-0/inputs/-821506608/EG0081M.unmapped.aligned.unsorted.bam \
OUTPUT=/dev/stdout \
SORT_ORDER="coordinate" \
CREATE_INDEX=false \
CREATE_MD5_FILE=false | \
java -Xmx1000m -jar /usr/gitc/picard.jar \
SetNmAndUqTags \
INPUT=/dev/stdin \
OUTPUT=EG0081M.unmapped.sorted.bam \
CREATE_INDEX=true \
CREATE_MD5_FILE=true \
REFERENCE_SEQUENCE=/cromwell-executions/PairedEndSingleSampleWorkflow/529d1e38-80d0-44d2-8cd7-6e04f6de7fd4/call-SortAndFixReadGroupBam/shard-0/inputs/416317855/Homo_sapiens_assembly38.fasta[0m
[2019-04-17 11:39:08,21] [info] BackgroundConfigAsyncJobExecutionActor [[38;5;2m529d1e38[0mPairedEndSingleSampleWorkflow.SortAndFixReadGroupBam:0:1]: executing: export TMPDIR=/home/evansj/me/tmp/
module load singularity

export SIMG=/home/evansj/me/projects/asif/images/
mkdir -p /home/evansj/me/projects/asif/images/broadinstitute
if [ ! -f /home/evansj/me/projects/asif/images/broadinstitute/genomes-in-the-cloud@sha256:d7aa37fc8351074a2d6fb949932d3283cdcefdc8e53729dcf7202bee16ab660a.simg ]; then
    singularity build /home/evansj/me/projects/asif/images/broadinstitute/genomes-in-the-cloud@sha256:d7aa37fc8351074a2d6fb949932d3283cdcefdc8e53729dcf7202bee16ab660a.simg docker://broadinstitute/genomes-in-the-cloud@sha256:d7aa37fc8351074a2d6fb949932d3283cdcefdc8e53729dcf7202bee16ab660a
fi

echo "singularity exec --bind /mnt/isilon/dbhi_bfx/perry/projects/asif/seq-format-conversion/cromwell-executions/PairedEndSingleSampleWorkflow/529d1e38-80d0-44d2-8cd7-6e04f6de7fd4/call-SortAndFixReadGroupBam/shard-0:/cromwell-executions/PairedEndSingleSampleWorkflow/529d1e38-80d0-44d2-8cd7-6e04f6de7fd4/call-SortAndFixReadGroupBam/shard-0 /home/evansj/me/projects/asif/images/broadinstitute/genomes-in-the-cloud@sha256:d7aa37fc8351074a2d6fb949932d3283cdcefdc8e53729dcf7202bee16ab660a.simg /bin/bash /cromwell-executions/PairedEndSingleSampleWorkflow/529d1e38-80d0-44d2-8cd7-6e04f6de7fd4/call-SortAndFixReadGroupBam/shard-0/execution/script" | qsub \
-terse \
-V \
-b n \
-N cromwell_529d1e38_SortAndFixReadGroupBam \
-wd /mnt/isilon/dbhi_bfx/perry/projects/asif/seq-format-conversion/cromwell-executions/PairedEndSingleSampleWorkflow/529d1e38-80d0-44d2-8cd7-6e04f6de7fd4/call-SortAndFixReadGroupBam/shard-0 \
-pe smp 1 \
-l h_vmem=15.0g \
-l m_mem_free=15.0g \
-q all.q
[2019-04-17 11:39:08,57] [info] WorkflowExecutionActor-529d1e38-80d0-44d2-8cd7-6e04f6de7fd4 [[38;5;2m529d1e38[0m]: Starting PairedEndSingleSampleWorkflow.MarkDuplicates
[2019-04-17 11:39:08,99] [[38;5;220mwarn[0m] BackgroundConfigAsyncJobExecutionActor [[38;5;2m529d1e38[0mPairedEndSingleSampleWorkflow.MarkDuplicates:NA:1]: Unrecognized runtime attribute keys: disks
[2019-04-17 11:39:09,03] [info] BackgroundConfigAsyncJobExecutionActor [[38;5;2m529d1e38[0mPairedEndSingleSampleWorkflow.MarkDuplicates:NA:1]: [38;5;5mjava -Xmx4000m -jar /usr/gitc/picard.jar \
  MarkDuplicates \
  INPUT=/cromwell-executions/PairedEndSingleSampleWorkflow/529d1e38-80d0-44d2-8cd7-6e04f6de7fd4/call-MarkDuplicates/inputs/-821506608/EG0081M.unmapped.aligned.unsorted.bam \
  OUTPUT=EG0081M.aligned.unsorted.duplicates_marked.bam \
  METRICS_FILE=EG0081M.duplicate_metrics \
  VALIDATION_STRINGENCY=SILENT \
  OPTICAL_DUPLICATE_PIXEL_DISTANCE=2500 \
  ASSUME_SORT_ORDER="queryname"
  CREATE_MD5_FILE=true[0m
[2019-04-17 11:39:09,07] [info] BackgroundConfigAsyncJobExecutionActor [[38;5;2m529d1e38[0mPairedEndSingleSampleWorkflow.MarkDuplicates:NA:1]: executing: export TMPDIR=/home/evansj/me/tmp/
module load singularity

export SIMG=/home/evansj/me/projects/asif/images/
mkdir -p /home/evansj/me/projects/asif/images/broadinstitute
if [ ! -f /home/evansj/me/projects/asif/images/broadinstitute/genomes-in-the-cloud@sha256:d7aa37fc8351074a2d6fb949932d3283cdcefdc8e53729dcf7202bee16ab660a.simg ]; then
    singularity build /home/evansj/me/projects/asif/images/broadinstitute/genomes-in-the-cloud@sha256:d7aa37fc8351074a2d6fb949932d3283cdcefdc8e53729dcf7202bee16ab660a.simg docker://broadinstitute/genomes-in-the-cloud@sha256:d7aa37fc8351074a2d6fb949932d3283cdcefdc8e53729dcf7202bee16ab660a
fi

echo "singularity exec --bind /mnt/isilon/dbhi_bfx/perry/projects/asif/seq-format-conversion/cromwell-executions/PairedEndSingleSampleWorkflow/529d1e38-80d0-44d2-8cd7-6e04f6de7fd4/call-MarkDuplicates:/cromwell-executions/PairedEndSingleSampleWorkflow/529d1e38-80d0-44d2-8cd7-6e04f6de7fd4/call-MarkDuplicates /home/evansj/me/projects/asif/images/broadinstitute/genomes-in-the-cloud@sha256:d7aa37fc8351074a2d6fb949932d3283cdcefdc8e53729dcf7202bee16ab660a.simg /bin/bash /cromwell-executions/PairedEndSingleSampleWorkflow/529d1e38-80d0-44d2-8cd7-6e04f6de7fd4/call-MarkDuplicates/execution/script" | qsub \
-terse \
-V \
-b n \
-N cromwell_529d1e38_MarkDuplicates \
-wd /mnt/isilon/dbhi_bfx/perry/projects/asif/seq-format-conversion/cromwell-executions/PairedEndSingleSampleWorkflow/529d1e38-80d0-44d2-8cd7-6e04f6de7fd4/call-MarkDuplicates \
-pe smp 1 \
-l h_vmem=7.0g \
-l m_mem_free=7.0g \
-q all.q
[2019-04-17 11:39:11,91] [info] BackgroundConfigAsyncJobExecutionActor [[38;5;2m529d1e38[0mPairedEndSingleSampleWorkflow.SortAndFixReadGroupBam:0:1]: job id: 79389
[2019-04-17 11:39:11,91] [info] BackgroundConfigAsyncJobExecutionActor [[38;5;2m529d1e38[0mPairedEndSingleSampleWorkflow.MarkDuplicates:NA:1]: job id: 79400
[2019-04-17 11:39:11,91] [info] BackgroundConfigAsyncJobExecutionActor [[38;5;2m529d1e38[0mPairedEndSingleSampleWorkflow.CollectUnsortedReadgroupBamQualityMetrics:0:1]: job id: 79384
[2019-04-17 11:39:11,92] [info] BackgroundConfigAsyncJobExecutionActor [[38;5;2m529d1e38[0mPairedEndSingleSampleWorkflow.MarkDuplicates:NA:1]: Status change from - to WaitingForReturnCode
[2019-04-17 11:39:11,92] [info] BackgroundConfigAsyncJobExecutionActor [[38;5;2m529d1e38[0mPairedEndSingleSampleWorkflow.SortAndFixReadGroupBam:0:1]: Status change from - to WaitingForReturnCode
[2019-04-17 11:39:11,92] [info] BackgroundConfigAsyncJobExecutionActor [[38;5;2m529d1e38[0mPairedEndSingleSampleWorkflow.CollectUnsortedReadgroupBamQualityMetrics:0:1]: Status change from - to WaitingForReturnCode
[2019-04-17 11:54:05,27] [info] BackgroundConfigAsyncJobExecutionActor [[38;5;2m529d1e38[0mPairedEndSingleSampleWorkflow.CollectUnsortedReadgroupBamQualityMetrics:0:1]: Status change from WaitingForReturnCode to Done
[2019-04-17 12:59:51,32] [info] BackgroundConfigAsyncJobExecutionActor [[38;5;2m529d1e38[0mPairedEndSingleSampleWorkflow.SortAndFixReadGroupBam:0:1]: Status change from WaitingForReturnCode to Done
[2019-04-17 12:59:52,55] [info] WorkflowExecutionActor-529d1e38-80d0-44d2-8cd7-6e04f6de7fd4 [[38;5;2m529d1e38[0m]: Starting PairedEndSingleSampleWorkflow.ValidateReadGroupSamFile
[2019-04-17 12:59:52,99] [[38;5;220mwarn[0m] BackgroundConfigAsyncJobExecutionActor [[38;5;2m529d1e38[0mPairedEndSingleSampleWorkflow.ValidateReadGroupSamFile:0:1]: Unrecognized runtime attribute keys: preemptible, disks
[2019-04-17 12:59:53,38] [info] BackgroundConfigAsyncJobExecutionActor [[38;5;2m529d1e38[0mPairedEndSingleSampleWorkflow.ValidateReadGroupSamFile:0:1]: [38;5;5mjava -Xmx8000m -jar /usr/gitc/picard.jar \
  ValidateSamFile \
  INPUT=/cromwell-executions/PairedEndSingleSampleWorkflow/529d1e38-80d0-44d2-8cd7-6e04f6de7fd4/call-ValidateReadGroupSamFile/shard-0/inputs/-332591404/EG0081M.unmapped.sorted.bam \
  OUTPUT=EG0081M.unmapped.validation_report \
  REFERENCE_SEQUENCE=/cromwell-executions/PairedEndSingleSampleWorkflow/529d1e38-80d0-44d2-8cd7-6e04f6de7fd4/call-ValidateReadGroupSamFile/shard-0/inputs/416317855/Homo_sapiens_assembly38.fasta \
  MAX_OUTPUT=1000000000 \
  IGNORE=null \
  MODE=VERBOSE \
  IS_BISULFITE_SEQUENCED=false[0m
[2019-04-17 12:59:53,38] [info] BackgroundConfigAsyncJobExecutionActor [[38;5;2m529d1e38[0mPairedEndSingleSampleWorkflow.ValidateReadGroupSamFile:0:1]: executing: export TMPDIR=/home/evansj/me/tmp/
module load singularity

export SIMG=/home/evansj/me/projects/asif/images/
mkdir -p /home/evansj/me/projects/asif/images/broadinstitute
if [ ! -f /home/evansj/me/projects/asif/images/broadinstitute/genomes-in-the-cloud@sha256:d7aa37fc8351074a2d6fb949932d3283cdcefdc8e53729dcf7202bee16ab660a.simg ]; then
    singularity build /home/evansj/me/projects/asif/images/broadinstitute/genomes-in-the-cloud@sha256:d7aa37fc8351074a2d6fb949932d3283cdcefdc8e53729dcf7202bee16ab660a.simg docker://broadinstitute/genomes-in-the-cloud@sha256:d7aa37fc8351074a2d6fb949932d3283cdcefdc8e53729dcf7202bee16ab660a
fi

echo "singularity exec --bind /mnt/isilon/dbhi_bfx/perry/projects/asif/seq-format-conversion/cromwell-executions/PairedEndSingleSampleWorkflow/529d1e38-80d0-44d2-8cd7-6e04f6de7fd4/call-ValidateReadGroupSamFile/shard-0:/cromwell-executions/PairedEndSingleSampleWorkflow/529d1e38-80d0-44d2-8cd7-6e04f6de7fd4/call-ValidateReadGroupSamFile/shard-0 /home/evansj/me/projects/asif/images/broadinstitute/genomes-in-the-cloud@sha256:d7aa37fc8351074a2d6fb949932d3283cdcefdc8e53729dcf7202bee16ab660a.simg /bin/bash /cromwell-executions/PairedEndSingleSampleWorkflow/529d1e38-80d0-44d2-8cd7-6e04f6de7fd4/call-ValidateReadGroupSamFile/shard-0/execution/script" | qsub \
-terse \
-V \
-b n \
-N cromwell_529d1e38_ValidateReadGroupSamFile \
-wd /mnt/isilon/dbhi_bfx/perry/projects/asif/seq-format-conversion/cromwell-executions/PairedEndSingleSampleWorkflow/529d1e38-80d0-44d2-8cd7-6e04f6de7fd4/call-ValidateReadGroupSamFile/shard-0 \
-pe smp 1 \
-l h_vmem=14.0g \
-l m_mem_free=14.0g \
-q all.q
[2019-04-17 12:59:56,91] [info] BackgroundConfigAsyncJobExecutionActor [[38;5;2m529d1e38[0mPairedEndSingleSampleWorkflow.ValidateReadGroupSamFile:0:1]: job id: 109728
[2019-04-17 12:59:56,93] [info] BackgroundConfigAsyncJobExecutionActor [[38;5;2m529d1e38[0mPairedEndSingleSampleWorkflow.ValidateReadGroupSamFile:0:1]: Status change from - to WaitingForReturnCode
[2019-04-17 13:15:48,43] [info] BackgroundConfigAsyncJobExecutionActor [[38;5;2m529d1e38[0mPairedEndSingleSampleWorkflow.ValidateReadGroupSamFile:0:1]: Status change from WaitingForReturnCode to Done
[2019-04-17 15:20:02,04] [info] BackgroundConfigAsyncJobExecutionActor [[38;5;2m529d1e38[0mPairedEndSingleSampleWorkflow.MarkDuplicates:NA:1]: Status change from WaitingForReturnCode to Done
[2019-04-17 15:20:03,47] [info] WorkflowExecutionActor-529d1e38-80d0-44d2-8cd7-6e04f6de7fd4 [[38;5;2m529d1e38[0m]: Starting PairedEndSingleSampleWorkflow.SortAndFixSampleBam
[2019-04-17 15:20:03,98] [[38;5;220mwarn[0m] BackgroundConfigAsyncJobExecutionActor [[38;5;2m529d1e38[0mPairedEndSingleSampleWorkflow.SortAndFixSampleBam:NA:1]: Unrecognized runtime attribute keys: preemptible, disks
[2019-04-17 15:20:05,27] [info] BackgroundConfigAsyncJobExecutionActor [[38;5;2m529d1e38[0mPairedEndSingleSampleWorkflow.SortAndFixSampleBam:NA:1]: [38;5;5mset -o pipefail

java -Xmx8000m -jar /usr/gitc/picard.jar \
SortSam \
INPUT=/cromwell-executions/PairedEndSingleSampleWorkflow/529d1e38-80d0-44d2-8cd7-6e04f6de7fd4/call-SortAndFixSampleBam/inputs/1935139062/EG0081M.aligned.unsorted.duplicates_marked.bam \
OUTPUT=/dev/stdout \
SORT_ORDER="coordinate" \
CREATE_INDEX=false \
CREATE_MD5_FILE=false | \
java -Xmx1000m -jar /usr/gitc/picard.jar \
SetNmAndUqTags \
INPUT=/dev/stdin \
OUTPUT=EG0081M.aligned.duplicate_marked.sorted.bam \
CREATE_INDEX=true \
CREATE_MD5_FILE=true \
REFERENCE_SEQUENCE=/cromwell-executions/PairedEndSingleSampleWorkflow/529d1e38-80d0-44d2-8cd7-6e04f6de7fd4/call-SortAndFixSampleBam/inputs/416317855/Homo_sapiens_assembly38.fasta[0m
[2019-04-17 15:20:05,28] [info] BackgroundConfigAsyncJobExecutionActor [[38;5;2m529d1e38[0mPairedEndSingleSampleWorkflow.SortAndFixSampleBam:NA:1]: executing: export TMPDIR=/home/evansj/me/tmp/
module load singularity

export SIMG=/home/evansj/me/projects/asif/images/
mkdir -p /home/evansj/me/projects/asif/images/broadinstitute
if [ ! -f /home/evansj/me/projects/asif/images/broadinstitute/genomes-in-the-cloud@sha256:d7aa37fc8351074a2d6fb949932d3283cdcefdc8e53729dcf7202bee16ab660a.simg ]; then
    singularity build /home/evansj/me/projects/asif/images/broadinstitute/genomes-in-the-cloud@sha256:d7aa37fc8351074a2d6fb949932d3283cdcefdc8e53729dcf7202bee16ab660a.simg docker://broadinstitute/genomes-in-the-cloud@sha256:d7aa37fc8351074a2d6fb949932d3283cdcefdc8e53729dcf7202bee16ab660a
fi

echo "singularity exec --bind /mnt/isilon/dbhi_bfx/perry/projects/asif/seq-format-conversion/cromwell-executions/PairedEndSingleSampleWorkflow/529d1e38-80d0-44d2-8cd7-6e04f6de7fd4/call-SortAndFixSampleBam:/cromwell-executions/PairedEndSingleSampleWorkflow/529d1e38-80d0-44d2-8cd7-6e04f6de7fd4/call-SortAndFixSampleBam /home/evansj/me/projects/asif/images/broadinstitute/genomes-in-the-cloud@sha256:d7aa37fc8351074a2d6fb949932d3283cdcefdc8e53729dcf7202bee16ab660a.simg /bin/bash /cromwell-executions/PairedEndSingleSampleWorkflow/529d1e38-80d0-44d2-8cd7-6e04f6de7fd4/call-SortAndFixSampleBam/execution/script" | qsub \
-terse \
-V \
-b n \
-N cromwell_529d1e38_SortAndFixSampleBam \
-wd /mnt/isilon/dbhi_bfx/perry/projects/asif/seq-format-conversion/cromwell-executions/PairedEndSingleSampleWorkflow/529d1e38-80d0-44d2-8cd7-6e04f6de7fd4/call-SortAndFixSampleBam \
-pe smp 1 \
-l h_vmem=15.0g \
-l m_mem_free=15.0g \
-q all.q
[2019-04-17 15:20:06,91] [info] BackgroundConfigAsyncJobExecutionActor [[38;5;2m529d1e38[0mPairedEndSingleSampleWorkflow.SortAndFixSampleBam:NA:1]: job id: 158746
[2019-04-17 15:20:06,91] [info] BackgroundConfigAsyncJobExecutionActor [[38;5;2m529d1e38[0mPairedEndSingleSampleWorkflow.SortAndFixSampleBam:NA:1]: Status change from - to WaitingForReturnCode
[2019-04-17 16:28:06,90] [info] BackgroundConfigAsyncJobExecutionActor [[38;5;2m529d1e38[0mPairedEndSingleSampleWorkflow.SortAndFixSampleBam:NA:1]: Status change from WaitingForReturnCode to Done
[2019-04-17 16:28:08,60] [info] WorkflowExecutionActor-529d1e38-80d0-44d2-8cd7-6e04f6de7fd4 [[38;5;2m529d1e38[0m]: Starting PairedEndSingleSampleWorkflow.BaseRecalibrator (18 shards), PairedEndSingleSampleWorkflow.CheckContamination, PairedEndSingleSampleWorkflow.CrossCheckFingerprints
[2019-04-17 16:28:09,00] [[38;5;220mwarn[0m] BackgroundConfigAsyncJobExecutionActor [[38;5;2m529d1e38[0mPairedEndSingleSampleWorkflow.BaseRecalibrator:0:1]: Unrecognized runtime attribute keys: preemptible, disks
[2019-04-17 16:28:09,01] [[38;5;220mwarn[0m] BackgroundConfigAsyncJobExecutionActor [[38;5;2m529d1e38[0mPairedEndSingleSampleWorkflow.BaseRecalibrator:4:1]: Unrecognized runtime attribute keys: preemptible, disks
[2019-04-17 16:28:09,01] [[38;5;220mwarn[0m] BackgroundConfigAsyncJobExecutionActor [[38;5;2m529d1e38[0mPairedEndSingleSampleWorkflow.BaseRecalibrator:8:1]: Unrecognized runtime attribute keys: preemptible, disks
[2019-04-17 16:28:09,01] [[38;5;220mwarn[0m] BackgroundConfigAsyncJobExecutionActor [[38;5;2m529d1e38[0mPairedEndSingleSampleWorkflow.BaseRecalibrator:2:1]: Unrecognized runtime attribute keys: preemptible, disks
[2019-04-17 16:28:09,01] [[38;5;220mwarn[0m] BackgroundConfigAsyncJobExecutionActor [[38;5;2m529d1e38[0mPairedEndSingleSampleWorkflow.CheckContamination:NA:1]: Unrecognized runtime attribute keys: preemptible, disks
[2019-04-17 16:28:09,01] [[38;5;220mwarn[0m] BackgroundConfigAsyncJobExecutionActor [[38;5;2m529d1e38[0mPairedEndSingleSampleWorkflow.BaseRecalibrator:1:1]: Unrecognized runtime attribute keys: preemptible, disks
[2019-04-17 16:28:09,02] [[38;5;220mwarn[0m] BackgroundConfigAsyncJobExecutionActor [[38;5;2m529d1e38[0mPairedEndSingleSampleWorkflow.BaseRecalibrator:5:1]: Unrecognized runtime attribute keys: preemptible, disks
[2019-04-17 16:28:09,02] [[38;5;220mwarn[0m] BackgroundConfigAsyncJobExecutionActor [[38;5;2m529d1e38[0mPairedEndSingleSampleWorkflow.BaseRecalibrator:13:1]: Unrecognized runtime attribute keys: preemptible, disks
[2019-04-17 16:28:09,02] [[38;5;220mwarn[0m] BackgroundConfigAsyncJobExecutionActor [[38;5;2m529d1e38[0mPairedEndSingleSampleWorkflow.BaseRecalibrator:3:1]: Unrecognized runtime attribute keys: preemptible, disks
[2019-04-17 16:28:09,02] [[38;5;220mwarn[0m] BackgroundConfigAsyncJobExecutionActor [[38;5;2m529d1e38[0mPairedEndSingleSampleWorkflow.BaseRecalibrator:10:1]: Unrecognized runtime attribute keys: preemptible, disks
[2019-04-17 16:28:09,02] [[38;5;220mwarn[0m] BackgroundConfigAsyncJobExecutionActor [[38;5;2m529d1e38[0mPairedEndSingleSampleWorkflow.BaseRecalibrator:9:1]: Unrecognized runtime attribute keys: preemptible, disks
[2019-04-17 16:28:09,02] [[38;5;220mwarn[0m] BackgroundConfigAsyncJobExecutionActor [[38;5;2m529d1e38[0mPairedEndSingleSampleWorkflow.BaseRecalibrator:6:1]: Unrecognized runtime attribute keys: preemptible, disks
[2019-04-17 16:28:09,02] [[38;5;220mwarn[0m] BackgroundConfigAsyncJobExecutionActor [[38;5;2m529d1e38[0mPairedEndSingleSampleWorkflow.BaseRecalibrator:11:1]: Unrecognized runtime attribute keys: preemptible, disks
[2019-04-17 16:28:09,02] [[38;5;220mwarn[0m] BackgroundConfigAsyncJobExecutionActor [[38;5;2m529d1e38[0mPairedEndSingleSampleWorkflow.CrossCheckFingerprints:NA:1]: Unrecognized runtime attribute keys: preemptible, disks
[2019-04-17 16:28:09,02] [[38;5;220mwarn[0m] BackgroundConfigAsyncJobExecutionActor [[38;5;2m529d1e38[0mPairedEndSingleSampleWorkflow.BaseRecalibrator:14:1]: Unrecognized runtime attribute keys: preemptible, disks
[2019-04-17 16:28:09,02] [[38;5;220mwarn[0m] BackgroundConfigAsyncJobExecutionActor [[38;5;2m529d1e38[0mPairedEndSingleSampleWorkflow.BaseRecalibrator:12:1]: Unrecognized runtime attribute keys: preemptible, disks
[2019-04-17 16:28:09,02] [[38;5;220mwarn[0m] BackgroundConfigAsyncJobExecutionActor [[38;5;2m529d1e38[0mPairedEndSingleSampleWorkflow.BaseRecalibrator:15:1]: Unrecognized runtime attribute keys: preemptible, disks
[2019-04-17 16:28:09,03] [[38;5;220mwarn[0m] BackgroundConfigAsyncJobExecutionActor [[38;5;2m529d1e38[0mPairedEndSingleSampleWorkflow.BaseRecalibrator:17:1]: Unrecognized runtime attribute keys: preemptible, disks
[2019-04-17 16:28:09,03] [[38;5;220mwarn[0m] BackgroundConfigAsyncJobExecutionActor [[38;5;2m529d1e38[0mPairedEndSingleSampleWorkflow.BaseRecalibrator:7:1]: Unrecognized runtime attribute keys: preemptible, disks
[2019-04-17 16:28:09,03] [[38;5;220mwarn[0m] BackgroundConfigAsyncJobExecutionActor [[38;5;2m529d1e38[0mPairedEndSingleSampleWorkflow.BaseRecalibrator:16:1]: Unrecognized runtime attribute keys: preemptible, disks
[2019-04-17 16:28:09,14] [info] BackgroundConfigAsyncJobExecutionActor [[38;5;2m529d1e38[0mPairedEndSingleSampleWorkflow.CrossCheckFingerprints:NA:1]: [38;5;5mif [ -s /cromwell-executions/PairedEndSingleSampleWorkflow/529d1e38-80d0-44d2-8cd7-6e04f6de7fd4/call-CrossCheckFingerprints/inputs/-899314595/empty.haplotype_map.txt ]; then
  java -Dsamjdk.buffer_size=131072 -XX:GCTimeLimit=50 -XX:GCHeapFreeLimit=10 -Xmx2000m \
   -jar /usr/gitc/picard.jar \
   CrosscheckReadGroupFingerprints \
   OUTPUT=EG0081M.crosscheck \
   HAPLOTYPE_MAP=/cromwell-executions/PairedEndSingleSampleWorkflow/529d1e38-80d0-44d2-8cd7-6e04f6de7fd4/call-CrossCheckFingerprints/inputs/-899314595/empty.haplotype_map.txt \
   EXPECT_ALL_READ_GROUPS_TO_MATCH=true \
   INPUT=/cromwell-executions/PairedEndSingleSampleWorkflow/529d1e38-80d0-44d2-8cd7-6e04f6de7fd4/call-CrossCheckFingerprints/inputs/-1861546951/EG0081M.aligned.duplicate_marked.sorted.bam \
   LOD_THRESHOLD=-20.0
else
  echo "No haplotype_database_file. Skipping Fingerprint check."
  touch EG0081M.crosscheck
fi[0m
[2019-04-17 16:28:09,17] [info] BackgroundConfigAsyncJobExecutionActor [[38;5;2m529d1e38[0mPairedEndSingleSampleWorkflow.CrossCheckFingerprints:NA:1]: executing: export TMPDIR=/home/evansj/me/tmp/
module load singularity

export SIMG=/home/evansj/me/projects/asif/images/
mkdir -p /home/evansj/me/projects/asif/images/broadinstitute
if [ ! -f /home/evansj/me/projects/asif/images/broadinstitute/genomes-in-the-cloud@sha256:d7aa37fc8351074a2d6fb949932d3283cdcefdc8e53729dcf7202bee16ab660a.simg ]; then
    singularity build /home/evansj/me/projects/asif/images/broadinstitute/genomes-in-the-cloud@sha256:d7aa37fc8351074a2d6fb949932d3283cdcefdc8e53729dcf7202bee16ab660a.simg docker://broadinstitute/genomes-in-the-cloud@sha256:d7aa37fc8351074a2d6fb949932d3283cdcefdc8e53729dcf7202bee16ab660a
fi

echo "singularity exec --bind /mnt/isilon/dbhi_bfx/perry/projects/asif/seq-format-conversion/cromwell-executions/PairedEndSingleSampleWorkflow/529d1e38-80d0-44d2-8cd7-6e04f6de7fd4/call-CrossCheckFingerprints:/cromwell-executions/PairedEndSingleSampleWorkflow/529d1e38-80d0-44d2-8cd7-6e04f6de7fd4/call-CrossCheckFingerprints /home/evansj/me/projects/asif/images/broadinstitute/genomes-in-the-cloud@sha256:d7aa37fc8351074a2d6fb949932d3283cdcefdc8e53729dcf7202bee16ab660a.simg /bin/bash /cromwell-executions/PairedEndSingleSampleWorkflow/529d1e38-80d0-44d2-8cd7-6e04f6de7fd4/call-CrossCheckFingerprints/execution/script" | qsub \
-terse \
-V \
-b n \
-N cromwell_529d1e38_CrossCheckFingerprints \
-wd /mnt/isilon/dbhi_bfx/perry/projects/asif/seq-format-conversion/cromwell-executions/PairedEndSingleSampleWorkflow/529d1e38-80d0-44d2-8cd7-6e04f6de7fd4/call-CrossCheckFingerprints \
-pe smp 1 \
-l h_vmem=2.0g \
-l m_mem_free=2.0g \
-q all.q
[2019-04-17 16:28:09,17] [info] BackgroundConfigAsyncJobExecutionActor [[38;5;2m529d1e38[0mPairedEndSingleSampleWorkflow.CheckContamination:NA:1]: [38;5;5mset -e

/usr/gitc/verifyBamID \
--verbose \
--ignoreRG \
--vcf /cromwell-executions/PairedEndSingleSampleWorkflow/529d1e38-80d0-44d2-8cd7-6e04f6de7fd4/call-CheckContamination/inputs/-899314595/WholeGenomeShotgunContam.vcf \
--out EG0081M.preBqsr \
--bam /cromwell-executions/PairedEndSingleSampleWorkflow/529d1e38-80d0-44d2-8cd7-6e04f6de7fd4/call-CheckContamination/inputs/-1861546951/EG0081M.aligned.duplicate_marked.sorted.bam \
1>/dev/null

python3 <<CODE
import csv
import sys
with open('EG0081M.preBqsr.selfSM') as selfSM:
  reader = csv.DictReader(selfSM, delimiter='\t')
  i = 0
  for row in reader:
    if float(row["FREELK0"])==0 and float(row["FREELK1"])==0:
# A zero value for the likelihoods implies no data. This usually indicates a problem rather than a real event. 
# If the bam isn't really empty, this is probably due to the use of a incompatible reference build between 
# vcf and bam.
      sys.stderr.write("Found zero likelihoods. Bam is either very-very shallow, or aligned to the wrong reference (relative to the vcf).")
      sys.exit(1)
    print(float(row["FREEMIX"])/0.75)
    i = i + 1
# There should be exactly one row, and if this isn't the case the format of the output is unexpectedly different
# and the results are not reliable.
    if i != 1:
      sys.stderr.write("Found %d rows in .selfSM file. Was expecting exactly 1. This is an error"%(i))
      sys.exit(2)
CODE[0m
[2019-04-17 16:28:09,24] [info] BackgroundConfigAsyncJobExecutionActor [[38;5;2m529d1e38[0mPairedEndSingleSampleWorkflow.CheckContamination:NA:1]: executing: export TMPDIR=/home/evansj/me/tmp/
module load singularity

export SIMG=/home/evansj/me/projects/asif/images/
mkdir -p /home/evansj/me/projects/asif/images/broadinstitute
if [ ! -f /home/evansj/me/projects/asif/images/broadinstitute/genomes-in-the-cloud@sha256:d7aa37fc8351074a2d6fb949932d3283cdcefdc8e53729dcf7202bee16ab660a.simg ]; then
    singularity build /home/evansj/me/projects/asif/images/broadinstitute/genomes-in-the-cloud@sha256:d7aa37fc8351074a2d6fb949932d3283cdcefdc8e53729dcf7202bee16ab660a.simg docker://broadinstitute/genomes-in-the-cloud@sha256:d7aa37fc8351074a2d6fb949932d3283cdcefdc8e53729dcf7202bee16ab660a
fi

echo "singularity exec --bind /mnt/isilon/dbhi_bfx/perry/projects/asif/seq-format-conversion/cromwell-executions/PairedEndSingleSampleWorkflow/529d1e38-80d0-44d2-8cd7-6e04f6de7fd4/call-CheckContamination:/cromwell-executions/PairedEndSingleSampleWorkflow/529d1e38-80d0-44d2-8cd7-6e04f6de7fd4/call-CheckContamination /home/evansj/me/projects/asif/images/broadinstitute/genomes-in-the-cloud@sha256:d7aa37fc8351074a2d6fb949932d3283cdcefdc8e53729dcf7202bee16ab660a.simg /bin/bash /cromwell-executions/PairedEndSingleSampleWorkflow/529d1e38-80d0-44d2-8cd7-6e04f6de7fd4/call-CheckContamination/execution/script" | qsub \
-terse \
-V \
-b n \
-N cromwell_529d1e38_CheckContamination \
-wd /mnt/isilon/dbhi_bfx/perry/projects/asif/seq-format-conversion/cromwell-executions/PairedEndSingleSampleWorkflow/529d1e38-80d0-44d2-8cd7-6e04f6de7fd4/call-CheckContamination \
-pe smp 1 \
-l h_vmem=4.0g \
-l m_mem_free=4.0g \
-q all.q
[2019-04-17 16:28:09,56] [[38;5;220mwarn[0m] Localization via hard link has failed: /mnt/isilon/dbhi_bfx/perry/projects/asif/seq-format-conversion/cromwell-executions/PairedEndSingleSampleWorkflow/529d1e38-80d0-44d2-8cd7-6e04f6de7fd4/call-BaseRecalibrator/shard-11/inputs/416317855/Homo_sapiens_assembly38.fasta.fai -> /mnt/isilon/dbhi_bfx/perry/projects/asif/data/prod-wgs-germline-snps-indels__v20190301/data/hg38/v0/Homo_sapiens_assembly38.fasta.fai: Remote I/O error
[2019-04-17 16:28:09,57] [[38;5;220mwarn[0m] Localization via hard link has failed: /mnt/isilon/dbhi_bfx/perry/projects/asif/seq-format-conversion/cromwell-executions/PairedEndSingleSampleWorkflow/529d1e38-80d0-44d2-8cd7-6e04f6de7fd4/call-BaseRecalibrator/shard-1/inputs/416317855/Homo_sapiens_assembly38.fasta.fai -> /mnt/isilon/dbhi_bfx/perry/projects/asif/data/prod-wgs-germline-snps-indels__v20190301/data/hg38/v0/Homo_sapiens_assembly38.fasta.fai: Remote I/O error
[2019-04-17 16:28:09,57] [[38;5;220mwarn[0m] Localization via hard link has failed: /mnt/isilon/dbhi_bfx/perry/projects/asif/seq-format-conversion/cromwell-executions/PairedEndSingleSampleWorkflow/529d1e38-80d0-44d2-8cd7-6e04f6de7fd4/call-BaseRecalibrator/shard-9/inputs/416317855/Homo_sapiens_assembly38.fasta.fai -> /mnt/isilon/dbhi_bfx/perry/projects/asif/data/prod-wgs-germline-snps-indels__v20190301/data/hg38/v0/Homo_sapiens_assembly38.fasta.fai: Remote I/O error
[2019-04-17 16:28:09,57] [[38;5;220mwarn[0m] Localization via hard link has failed: /mnt/isilon/dbhi_bfx/perry/projects/asif/seq-format-conversion/cromwell-executions/PairedEndSingleSampleWorkflow/529d1e38-80d0-44d2-8cd7-6e04f6de7fd4/call-BaseRecalibrator/shard-5/inputs/416317855/Homo_sapiens_assembly38.fasta.fai -> /mnt/isilon/dbhi_bfx/perry/projects/asif/data/prod-wgs-germline-snps-indels__v20190301/data/hg38/v0/Homo_sapiens_assembly38.fasta.fai: Remote I/O error
[2019-04-17 16:28:09,57] [[38;5;220mwarn[0m] Localization via hard link has failed: /mnt/isilon/dbhi_bfx/perry/projects/asif/seq-format-conversion/cromwell-executions/PairedEndSingleSampleWorkflow/529d1e38-80d0-44d2-8cd7-6e04f6de7fd4/call-BaseRecalibrator/shard-6/inputs/416317855/Homo_sapiens_assembly38.fasta.fai -> /mnt/isilon/dbhi_bfx/perry/projects/asif/data/prod-wgs-germline-snps-indels__v20190301/data/hg38/v0/Homo_sapiens_assembly38.fasta.fai: Remote I/O error
[2019-04-17 16:28:09,57] [[38;5;220mwarn[0m] Localization via hard link has failed: /mnt/isilon/dbhi_bfx/perry/projects/asif/seq-format-conversion/cromwell-executions/PairedEndSingleSampleWorkflow/529d1e38-80d0-44d2-8cd7-6e04f6de7fd4/call-BaseRecalibrator/shard-7/inputs/416317855/Homo_sapiens_assembly38.fasta.fai -> /mnt/isilon/dbhi_bfx/perry/projects/asif/data/prod-wgs-germline-snps-indels__v20190301/data/hg38/v0/Homo_sapiens_assembly38.fasta.fai: Remote I/O error
[2019-04-17 16:28:09,57] [[38;5;220mwarn[0m] Localization via hard link has failed: /mnt/isilon/dbhi_bfx/perry/projects/asif/seq-format-conversion/cromwell-executions/PairedEndSingleSampleWorkflow/529d1e38-80d0-44d2-8cd7-6e04f6de7fd4/call-BaseRecalibrator/shard-4/inputs/416317855/Homo_sapiens_assembly38.fasta.fai -> /mnt/isilon/dbhi_bfx/perry/projects/asif/data/prod-wgs-germline-snps-indels__v20190301/data/hg38/v0/Homo_sapiens_assembly38.fasta.fai: Remote I/O error
[2019-04-17 16:28:09,58] [[38;5;220mwarn[0m] Localization via hard link has failed: /mnt/isilon/dbhi_bfx/perry/projects/asif/seq-format-conversion/cromwell-executions/PairedEndSingleSampleWorkflow/529d1e38-80d0-44d2-8cd7-6e04f6de7fd4/call-BaseRecalibrator/shard-16/inputs/416317855/Homo_sapiens_assembly38.fasta.fai -> /mnt/isilon/dbhi_bfx/perry/projects/asif/data/prod-wgs-germline-snps-indels__v20190301/data/hg38/v0/Homo_sapiens_assembly38.fasta.fai: Remote I/O error
[2019-04-17 16:28:09,58] [[38;5;220mwarn[0m] Localization via hard link has failed: /mnt/isilon/dbhi_bfx/perry/projects/asif/seq-format-conversion/cromwell-executions/PairedEndSingleSampleWorkflow/529d1e38-80d0-44d2-8cd7-6e04f6de7fd4/call-BaseRecalibrator/shard-14/inputs/416317855/Homo_sapiens_assembly38.fasta.fai -> /mnt/isilon/dbhi_bfx/perry/projects/asif/data/prod-wgs-germline-snps-indels__v20190301/data/hg38/v0/Homo_sapiens_assembly38.fasta.fai: Remote I/O error
[2019-04-17 16:28:09,58] [[38;5;220mwarn[0m] Localization via hard link has failed: /mnt/isilon/dbhi_bfx/perry/projects/asif/seq-format-conversion/cromwell-executions/PairedEndSingleSampleWorkflow/529d1e38-80d0-44d2-8cd7-6e04f6de7fd4/call-BaseRecalibrator/shard-0/inputs/416317855/Homo_sapiens_assembly38.fasta.fai -> /mnt/isilon/dbhi_bfx/perry/projects/asif/data/prod-wgs-germline-snps-indels__v20190301/data/hg38/v0/Homo_sapiens_assembly38.fasta.fai: Remote I/O error
[2019-04-17 16:28:09,58] [[38;5;220mwarn[0m] Localization via hard link has failed: /mnt/isilon/dbhi_bfx/perry/projects/asif/seq-format-conversion/cromwell-executions/PairedEndSingleSampleWorkflow/529d1e38-80d0-44d2-8cd7-6e04f6de7fd4/call-BaseRecalibrator/shard-15/inputs/416317855/Homo_sapiens_assembly38.fasta.fai -> /mnt/isilon/dbhi_bfx/perry/projects/asif/data/prod-wgs-germline-snps-indels__v20190301/data/hg38/v0/Homo_sapiens_assembly38.fasta.fai: Remote I/O error
[2019-04-17 16:28:09,58] [[38;5;220mwarn[0m] Localization via hard link has failed: /mnt/isilon/dbhi_bfx/perry/projects/asif/seq-format-conversion/cromwell-executions/PairedEndSingleSampleWorkflow/529d1e38-80d0-44d2-8cd7-6e04f6de7fd4/call-BaseRecalibrator/shard-2/inputs/416317855/Homo_sapiens_assembly38.fasta.fai -> /mnt/isilon/dbhi_bfx/perry/projects/asif/data/prod-wgs-germline-snps-indels__v20190301/data/hg38/v0/Homo_sapiens_assembly38.fasta.fai: Remote I/O error
[2019-04-17 16:28:09,58] [[38;5;220mwarn[0m] Localization via hard link has failed: /mnt/isilon/dbhi_bfx/perry/projects/asif/seq-format-conversion/cromwell-executions/PairedEndSingleSampleWorkflow/529d1e38-80d0-44d2-8cd7-6e04f6de7fd4/call-BaseRecalibrator/shard-10/inputs/416317855/Homo_sapiens_assembly38.fasta.fai -> /mnt/isilon/dbhi_bfx/perry/projects/asif/data/prod-wgs-germline-snps-indels__v20190301/data/hg38/v0/Homo_sapiens_assembly38.fasta.fai: Remote I/O error
[2019-04-17 16:28:09,58] [[38;5;220mwarn[0m] Localization via hard link has failed: /mnt/isilon/dbhi_bfx/perry/projects/asif/seq-format-conversion/cromwell-executions/PairedEndSingleSampleWorkflow/529d1e38-80d0-44d2-8cd7-6e04f6de7fd4/call-BaseRecalibrator/shard-12/inputs/416317855/Homo_sapiens_assembly38.fasta.fai -> /mnt/isilon/dbhi_bfx/perry/projects/asif/data/prod-wgs-germline-snps-indels__v20190301/data/hg38/v0/Homo_sapiens_assembly38.fasta.fai: Remote I/O error
[2019-04-17 16:28:09,58] [[38;5;220mwarn[0m] Localization via hard link has failed: /mnt/isilon/dbhi_bfx/perry/projects/asif/seq-format-conversion/cromwell-executions/PairedEndSingleSampleWorkflow/529d1e38-80d0-44d2-8cd7-6e04f6de7fd4/call-BaseRecalibrator/shard-13/inputs/416317855/Homo_sapiens_assembly38.fasta.fai -> /mnt/isilon/dbhi_bfx/perry/projects/asif/data/prod-wgs-germline-snps-indels__v20190301/data/hg38/v0/Homo_sapiens_assembly38.fasta.fai: Remote I/O error
[2019-04-17 16:28:09,59] [[38;5;220mwarn[0m] Localization via hard link has failed: /mnt/isilon/dbhi_bfx/perry/projects/asif/seq-format-conversion/cromwell-executions/PairedEndSingleSampleWorkflow/529d1e38-80d0-44d2-8cd7-6e04f6de7fd4/call-BaseRecalibrator/shard-17/inputs/416317855/Homo_sapiens_assembly38.fasta.fai -> /mnt/isilon/dbhi_bfx/perry/projects/asif/data/prod-wgs-germline-snps-indels__v20190301/data/hg38/v0/Homo_sapiens_assembly38.fasta.fai: Remote I/O error
[2019-04-17 16:28:09,59] [[38;5;220mwarn[0m] Localization via hard link has failed: /mnt/isilon/dbhi_bfx/perry/projects/asif/seq-format-conversion/cromwell-executions/PairedEndSingleSampleWorkflow/529d1e38-80d0-44d2-8cd7-6e04f6de7fd4/call-BaseRecalibrator/shard-8/inputs/416317855/Homo_sapiens_assembly38.fasta.fai -> /mnt/isilon/dbhi_bfx/perry/projects/asif/data/prod-wgs-germline-snps-indels__v20190301/data/hg38/v0/Homo_sapiens_assembly38.fasta.fai: Remote I/O error
[2019-04-17 16:28:09,59] [[38;5;220mwarn[0m] Localization via hard link has failed: /mnt/isilon/dbhi_bfx/perry/projects/asif/seq-format-conversion/cromwell-executions/PairedEndSingleSampleWorkflow/529d1e38-80d0-44d2-8cd7-6e04f6de7fd4/call-BaseRecalibrator/shard-3/inputs/416317855/Homo_sapiens_assembly38.fasta.fai -> /mnt/isilon/dbhi_bfx/perry/projects/asif/data/prod-wgs-germline-snps-indels__v20190301/data/hg38/v0/Homo_sapiens_assembly38.fasta.fai: Remote I/O error
[2019-04-17 16:28:09,80] [[38;5;220mwarn[0m] Localization via hard link has failed: /mnt/isilon/dbhi_bfx/perry/projects/asif/seq-format-conversion/cromwell-executions/PairedEndSingleSampleWorkflow/529d1e38-80d0-44d2-8cd7-6e04f6de7fd4/call-BaseRecalibrator/shard-8/inputs/416317855/Homo_sapiens_assembly38.dict -> /mnt/isilon/dbhi_bfx/perry/projects/asif/data/prod-wgs-germline-snps-indels__v20190301/data/hg38/v0/Homo_sapiens_assembly38.dict: Remote I/O error
[2019-04-17 16:28:09,80] [[38;5;220mwarn[0m] Localization via hard link has failed: /mnt/isilon/dbhi_bfx/perry/projects/asif/seq-format-conversion/cromwell-executions/PairedEndSingleSampleWorkflow/529d1e38-80d0-44d2-8cd7-6e04f6de7fd4/call-BaseRecalibrator/shard-16/inputs/416317855/Homo_sapiens_assembly38.dict -> /mnt/isilon/dbhi_bfx/perry/projects/asif/data/prod-wgs-germline-snps-indels__v20190301/data/hg38/v0/Homo_sapiens_assembly38.dict: Remote I/O error
[2019-04-17 16:28:09,81] [[38;5;220mwarn[0m] Localization via hard link has failed: /mnt/isilon/dbhi_bfx/perry/projects/asif/seq-format-conversion/cromwell-executions/PairedEndSingleSampleWorkflow/529d1e38-80d0-44d2-8cd7-6e04f6de7fd4/call-BaseRecalibrator/shard-14/inputs/416317855/Homo_sapiens_assembly38.dict -> /mnt/isilon/dbhi_bfx/perry/projects/asif/data/prod-wgs-germline-snps-indels__v20190301/data/hg38/v0/Homo_sapiens_assembly38.dict: Remote I/O error
[2019-04-17 16:28:09,81] [[38;5;220mwarn[0m] Localization via hard link has failed: /mnt/isilon/dbhi_bfx/perry/projects/asif/seq-format-conversion/cromwell-executions/PairedEndSingleSampleWorkflow/529d1e38-80d0-44d2-8cd7-6e04f6de7fd4/call-BaseRecalibrator/shard-9/inputs/416317855/Homo_sapiens_assembly38.dict -> /mnt/isilon/dbhi_bfx/perry/projects/asif/data/prod-wgs-germline-snps-indels__v20190301/data/hg38/v0/Homo_sapiens_assembly38.dict: Remote I/O error
[2019-04-17 16:28:09,81] [[38;5;220mwarn[0m] Localization via hard link has failed: /mnt/isilon/dbhi_bfx/perry/projects/asif/seq-format-conversion/cromwell-executions/PairedEndSingleSampleWorkflow/529d1e38-80d0-44d2-8cd7-6e04f6de7fd4/call-BaseRecalibrator/shard-13/inputs/416317855/Homo_sapiens_assembly38.dict -> /mnt/isilon/dbhi_bfx/perry/projects/asif/data/prod-wgs-germline-snps-indels__v20190301/data/hg38/v0/Homo_sapiens_assembly38.dict: Remote I/O error
[2019-04-17 16:28:09,81] [[38;5;220mwarn[0m] Localization via hard link has failed: /mnt/isilon/dbhi_bfx/perry/projects/asif/seq-format-conversion/cromwell-executions/PairedEndSingleSampleWorkflow/529d1e38-80d0-44d2-8cd7-6e04f6de7fd4/call-BaseRecalibrator/shard-4/inputs/416317855/Homo_sapiens_assembly38.dict -> /mnt/isilon/dbhi_bfx/perry/projects/asif/data/prod-wgs-germline-snps-indels__v20190301/data/hg38/v0/Homo_sapiens_assembly38.dict: Remote I/O error
[2019-04-17 16:28:09,82] [[38;5;220mwarn[0m] Localization via hard link has failed: /mnt/isilon/dbhi_bfx/perry/projects/asif/seq-format-conversion/cromwell-executions/PairedEndSingleSampleWorkflow/529d1e38-80d0-44d2-8cd7-6e04f6de7fd4/call-BaseRecalibrator/shard-3/inputs/416317855/Homo_sapiens_assembly38.dict -> /mnt/isilon/dbhi_bfx/perry/projects/asif/data/prod-wgs-germline-snps-indels__v20190301/data/hg38/v0/Homo_sapiens_assembly38.dict: Remote I/O error
[2019-04-17 16:28:09,82] [[38;5;220mwarn[0m] Localization via hard link has failed: /mnt/isilon/dbhi_bfx/perry/projects/asif/seq-format-conversion/cromwell-executions/PairedEndSingleSampleWorkflow/529d1e38-80d0-44d2-8cd7-6e04f6de7fd4/call-BaseRecalibrator/shard-6/inputs/416317855/Homo_sapiens_assembly38.dict -> /mnt/isilon/dbhi_bfx/perry/projects/asif/data/prod-wgs-germline-snps-indels__v20190301/data/hg38/v0/Homo_sapiens_assembly38.dict: Remote I/O error
[2019-04-17 16:28:09,83] [[38;5;220mwarn[0m] Localization via hard link has failed: /mnt/isilon/dbhi_bfx/perry/projects/asif/seq-format-conversion/cromwell-executions/PairedEndSingleSampleWorkflow/529d1e38-80d0-44d2-8cd7-6e04f6de7fd4/call-BaseRecalibrator/shard-17/inputs/416317855/Homo_sapiens_assembly38.dict -> /mnt/isilon/dbhi_bfx/perry/projects/asif/data/prod-wgs-germline-snps-indels__v20190301/data/hg38/v0/Homo_sapiens_assembly38.dict: Remote I/O error
[2019-04-17 16:28:09,84] [[38;5;220mwarn[0m] Localization via hard link has failed: /mnt/isilon/dbhi_bfx/perry/projects/asif/seq-format-conversion/cromwell-executions/PairedEndSingleSampleWorkflow/529d1e38-80d0-44d2-8cd7-6e04f6de7fd4/call-BaseRecalibrator/shard-12/inputs/416317855/Homo_sapiens_assembly38.dict -> /mnt/isilon/dbhi_bfx/perry/projects/asif/data/prod-wgs-germline-snps-indels__v20190301/data/hg38/v0/Homo_sapiens_assembly38.dict: Remote I/O error
[2019-04-17 16:28:09,86] [[38;5;220mwarn[0m] Localization via hard link has failed: /mnt/isilon/dbhi_bfx/perry/projects/asif/seq-format-conversion/cromwell-executions/PairedEndSingleSampleWorkflow/529d1e38-80d0-44d2-8cd7-6e04f6de7fd4/call-BaseRecalibrator/shard-16/inputs/416317855/Homo_sapiens_assembly38.fasta -> /mnt/isilon/dbhi_bfx/perry/projects/asif/data/prod-wgs-germline-snps-indels__v20190301/data/hg38/v0/Homo_sapiens_assembly38.fasta: Remote I/O error
[2019-04-17 16:28:09,86] [[38;5;220mwarn[0m] Localization via hard link has failed: /mnt/isilon/dbhi_bfx/perry/projects/asif/seq-format-conversion/cromwell-executions/PairedEndSingleSampleWorkflow/529d1e38-80d0-44d2-8cd7-6e04f6de7fd4/call-BaseRecalibrator/shard-14/inputs/416317855/Homo_sapiens_assembly38.fasta -> /mnt/isilon/dbhi_bfx/perry/projects/asif/data/prod-wgs-germline-snps-indels__v20190301/data/hg38/v0/Homo_sapiens_assembly38.fasta: Remote I/O error
[2019-04-17 16:28:09,86] [[38;5;220mwarn[0m] Localization via hard link has failed: /mnt/isilon/dbhi_bfx/perry/projects/asif/seq-format-conversion/cromwell-executions/PairedEndSingleSampleWorkflow/529d1e38-80d0-44d2-8cd7-6e04f6de7fd4/call-BaseRecalibrator/shard-8/inputs/416317855/Homo_sapiens_assembly38.fasta -> /mnt/isilon/dbhi_bfx/perry/projects/asif/data/prod-wgs-germline-snps-indels__v20190301/data/hg38/v0/Homo_sapiens_assembly38.fasta: Remote I/O error
[2019-04-17 16:28:09,86] [[38;5;220mwarn[0m] Localization via hard link has failed: /mnt/isilon/dbhi_bfx/perry/projects/asif/seq-format-conversion/cromwell-executions/PairedEndSingleSampleWorkflow/529d1e38-80d0-44d2-8cd7-6e04f6de7fd4/call-BaseRecalibrator/shard-6/inputs/416317855/Homo_sapiens_assembly38.fasta -> /mnt/isilon/dbhi_bfx/perry/projects/asif/data/prod-wgs-germline-snps-indels__v20190301/data/hg38/v0/Homo_sapiens_assembly38.fasta: Remote I/O error
[2019-04-17 16:28:09,87] [[38;5;220mwarn[0m] Localization via hard link has failed: /mnt/isilon/dbhi_bfx/perry/projects/asif/seq-format-conversion/cromwell-executions/PairedEndSingleSampleWorkflow/529d1e38-80d0-44d2-8cd7-6e04f6de7fd4/call-BaseRecalibrator/shard-3/inputs/416317855/Homo_sapiens_assembly38.fasta -> /mnt/isilon/dbhi_bfx/perry/projects/asif/data/prod-wgs-germline-snps-indels__v20190301/data/hg38/v0/Homo_sapiens_assembly38.fasta: Remote I/O error
[2019-04-17 16:28:09,87] [[38;5;220mwarn[0m] Localization via hard link has failed: /mnt/isilon/dbhi_bfx/perry/projects/asif/seq-format-conversion/cromwell-executions/PairedEndSingleSampleWorkflow/529d1e38-80d0-44d2-8cd7-6e04f6de7fd4/call-BaseRecalibrator/shard-13/inputs/416317855/Homo_sapiens_assembly38.fasta -> /mnt/isilon/dbhi_bfx/perry/projects/asif/data/prod-wgs-germline-snps-indels__v20190301/data/hg38/v0/Homo_sapiens_assembly38.fasta: Remote I/O error
[2019-04-17 16:28:09,87] [[38;5;220mwarn[0m] Localization via hard link has failed: /mnt/isilon/dbhi_bfx/perry/projects/asif/seq-format-conversion/cromwell-executions/PairedEndSingleSampleWorkflow/529d1e38-80d0-44d2-8cd7-6e04f6de7fd4/call-BaseRecalibrator/shard-12/inputs/416317855/Homo_sapiens_assembly38.fasta -> /mnt/isilon/dbhi_bfx/perry/projects/asif/data/prod-wgs-germline-snps-indels__v20190301/data/hg38/v0/Homo_sapiens_assembly38.fasta: Remote I/O error
[2019-04-17 16:28:09,87] [[38;5;220mwarn[0m] Localization via hard link has failed: /mnt/isilon/dbhi_bfx/perry/projects/asif/seq-format-conversion/cromwell-executions/PairedEndSingleSampleWorkflow/529d1e38-80d0-44d2-8cd7-6e04f6de7fd4/call-BaseRecalibrator/shard-9/inputs/416317855/Homo_sapiens_assembly38.fasta -> /mnt/isilon/dbhi_bfx/perry/projects/asif/data/prod-wgs-germline-snps-indels__v20190301/data/hg38/v0/Homo_sapiens_assembly38.fasta: Remote I/O error
[2019-04-17 16:28:09,87] [[38;5;220mwarn[0m] Localization via hard link has failed: /mnt/isilon/dbhi_bfx/perry/projects/asif/seq-format-conversion/cromwell-executions/PairedEndSingleSampleWorkflow/529d1e38-80d0-44d2-8cd7-6e04f6de7fd4/call-BaseRecalibrator/shard-4/inputs/416317855/Homo_sapiens_assembly38.fasta -> /mnt/isilon/dbhi_bfx/perry/projects/asif/data/prod-wgs-germline-snps-indels__v20190301/data/hg38/v0/Homo_sapiens_assembly38.fasta: Remote I/O error
[2019-04-17 16:28:09,90] [[38;5;220mwarn[0m] Localization via hard link has failed: /mnt/isilon/dbhi_bfx/perry/projects/asif/seq-format-conversion/cromwell-executions/PairedEndSingleSampleWorkflow/529d1e38-80d0-44d2-8cd7-6e04f6de7fd4/call-BaseRecalibrator/shard-2/inputs/416317855/Homo_sapiens_assembly38.dict -> /mnt/isilon/dbhi_bfx/perry/projects/asif/data/prod-wgs-germline-snps-indels__v20190301/data/hg38/v0/Homo_sapiens_assembly38.dict: Remote I/O error
[2019-04-17 16:28:09,91] [[38;5;220mwarn[0m] Localization via hard link has failed: /mnt/isilon/dbhi_bfx/perry/projects/asif/seq-format-conversion/cromwell-executions/PairedEndSingleSampleWorkflow/529d1e38-80d0-44d2-8cd7-6e04f6de7fd4/call-BaseRecalibrator/shard-17/inputs/416317855/Homo_sapiens_assembly38.fasta -> /mnt/isilon/dbhi_bfx/perry/projects/asif/data/prod-wgs-germline-snps-indels__v20190301/data/hg38/v0/Homo_sapiens_assembly38.fasta: Remote I/O error
[2019-04-17 16:28:09,92] [[38;5;220mwarn[0m] Localization via hard link has failed: /mnt/isilon/dbhi_bfx/perry/projects/asif/seq-format-conversion/cromwell-executions/PairedEndSingleSampleWorkflow/529d1e38-80d0-44d2-8cd7-6e04f6de7fd4/call-BaseRecalibrator/shard-10/inputs/416317855/Homo_sapiens_assembly38.dict -> /mnt/isilon/dbhi_bfx/perry/projects/asif/data/prod-wgs-germline-snps-indels__v20190301/data/hg38/v0/Homo_sapiens_assembly38.dict: Remote I/O error
[2019-04-17 16:28:09,93] [[38;5;220mwarn[0m] Localization via hard link has failed: /mnt/isilon/dbhi_bfx/perry/projects/asif/seq-format-conversion/cromwell-executions/PairedEndSingleSampleWorkflow/529d1e38-80d0-44d2-8cd7-6e04f6de7fd4/call-BaseRecalibrator/shard-11/inputs/416317855/Homo_sapiens_assembly38.dict -> /mnt/isilon/dbhi_bfx/perry/projects/asif/data/prod-wgs-germline-snps-indels__v20190301/data/hg38/v0/Homo_sapiens_assembly38.dict: Remote I/O error
[2019-04-17 16:28:09,94] [[38;5;220mwarn[0m] Localization via hard link has failed: /mnt/isilon/dbhi_bfx/perry/projects/asif/seq-format-conversion/cromwell-executions/PairedEndSingleSampleWorkflow/529d1e38-80d0-44d2-8cd7-6e04f6de7fd4/call-BaseRecalibrator/shard-7/inputs/416317855/Homo_sapiens_assembly38.dict -> /mnt/isilon/dbhi_bfx/perry/projects/asif/data/prod-wgs-germline-snps-indels__v20190301/data/hg38/v0/Homo_sapiens_assembly38.dict: Remote I/O error
[2019-04-17 16:28:09,95] [[38;5;220mwarn[0m] Localization via hard link has failed: /mnt/isilon/dbhi_bfx/perry/projects/asif/seq-format-conversion/cromwell-executions/PairedEndSingleSampleWorkflow/529d1e38-80d0-44d2-8cd7-6e04f6de7fd4/call-BaseRecalibrator/shard-0/inputs/416317855/Homo_sapiens_assembly38.dict -> /mnt/isilon/dbhi_bfx/perry/projects/asif/data/prod-wgs-germline-snps-indels__v20190301/data/hg38/v0/Homo_sapiens_assembly38.dict: Remote I/O error
[2019-04-17 16:28:09,96] [[38;5;220mwarn[0m] Localization via hard link has failed: /mnt/isilon/dbhi_bfx/perry/projects/asif/seq-format-conversion/cromwell-executions/PairedEndSingleSampleWorkflow/529d1e38-80d0-44d2-8cd7-6e04f6de7fd4/call-BaseRecalibrator/shard-1/inputs/416317855/Homo_sapiens_assembly38.dict -> /mnt/isilon/dbhi_bfx/perry/projects/asif/data/prod-wgs-germline-snps-indels__v20190301/data/hg38/v0/Homo_sapiens_assembly38.dict: Remote I/O error
[2019-04-17 16:28:09,99] [[38;5;220mwarn[0m] Localization via hard link has failed: /mnt/isilon/dbhi_bfx/perry/projects/asif/seq-format-conversion/cromwell-executions/PairedEndSingleSampleWorkflow/529d1e38-80d0-44d2-8cd7-6e04f6de7fd4/call-BaseRecalibrator/shard-15/inputs/416317855/Homo_sapiens_assembly38.dict -> /mnt/isilon/dbhi_bfx/perry/projects/asif/data/prod-wgs-germline-snps-indels__v20190301/data/hg38/v0/Homo_sapiens_assembly38.dict: Remote I/O error
[2019-04-17 16:28:10,00] [[38;5;220mwarn[0m] Localization via hard link has failed: /mnt/isilon/dbhi_bfx/perry/projects/asif/seq-format-conversion/cromwell-executions/PairedEndSingleSampleWorkflow/529d1e38-80d0-44d2-8cd7-6e04f6de7fd4/call-BaseRecalibrator/shard-5/inputs/416317855/Homo_sapiens_assembly38.dict -> /mnt/isilon/dbhi_bfx/perry/projects/asif/data/prod-wgs-germline-snps-indels__v20190301/data/hg38/v0/Homo_sapiens_assembly38.dict: Remote I/O error
[2019-04-17 16:28:10,03] [[38;5;220mwarn[0m] Localization via hard link has failed: /mnt/isilon/dbhi_bfx/perry/projects/asif/seq-format-conversion/cromwell-executions/PairedEndSingleSampleWorkflow/529d1e38-80d0-44d2-8cd7-6e04f6de7fd4/call-BaseRecalibrator/shard-2/inputs/416317855/Homo_sapiens_assembly38.fasta -> /mnt/isilon/dbhi_bfx/perry/projects/asif/data/prod-wgs-germline-snps-indels__v20190301/data/hg38/v0/Homo_sapiens_assembly38.fasta: Remote I/O error
[2019-04-17 16:28:10,05] [[38;5;220mwarn[0m] Localization via hard link has failed: /mnt/isilon/dbhi_bfx/perry/projects/asif/seq-format-conversion/cromwell-executions/PairedEndSingleSampleWorkflow/529d1e38-80d0-44d2-8cd7-6e04f6de7fd4/call-BaseRecalibrator/shard-15/inputs/416317855/Homo_sapiens_assembly38.fasta -> /mnt/isilon/dbhi_bfx/perry/projects/asif/data/prod-wgs-germline-snps-indels__v20190301/data/hg38/v0/Homo_sapiens_assembly38.fasta: Remote I/O error
[2019-04-17 16:28:10,07] [[38;5;220mwarn[0m] Localization via hard link has failed: /mnt/isilon/dbhi_bfx/perry/projects/asif/seq-format-conversion/cromwell-executions/PairedEndSingleSampleWorkflow/529d1e38-80d0-44d2-8cd7-6e04f6de7fd4/call-BaseRecalibrator/shard-7/inputs/416317855/Homo_sapiens_assembly38.fasta -> /mnt/isilon/dbhi_bfx/perry/projects/asif/data/prod-wgs-germline-snps-indels__v20190301/data/hg38/v0/Homo_sapiens_assembly38.fasta: Remote I/O error
[2019-04-17 16:28:10,07] [[38;5;220mwarn[0m] Localization via hard link has failed: /mnt/isilon/dbhi_bfx/perry/projects/asif/seq-format-conversion/cromwell-executions/PairedEndSingleSampleWorkflow/529d1e38-80d0-44d2-8cd7-6e04f6de7fd4/call-BaseRecalibrator/shard-11/inputs/416317855/Homo_sapiens_assembly38.fasta -> /mnt/isilon/dbhi_bfx/perry/projects/asif/data/prod-wgs-germline-snps-indels__v20190301/data/hg38/v0/Homo_sapiens_assembly38.fasta: Remote I/O error
[2019-04-17 16:28:10,07] [[38;5;220mwarn[0m] Localization via hard link has failed: /mnt/isilon/dbhi_bfx/perry/projects/asif/seq-format-conversion/cromwell-executions/PairedEndSingleSampleWorkflow/529d1e38-80d0-44d2-8cd7-6e04f6de7fd4/call-BaseRecalibrator/shard-5/inputs/416317855/Homo_sapiens_assembly38.fasta -> /mnt/isilon/dbhi_bfx/perry/projects/asif/data/prod-wgs-germline-snps-indels__v20190301/data/hg38/v0/Homo_sapiens_assembly38.fasta: Remote I/O error
[2019-04-17 16:28:10,07] [[38;5;220mwarn[0m] Localization via hard link has failed: /mnt/isilon/dbhi_bfx/perry/projects/asif/seq-format-conversion/cromwell-executions/PairedEndSingleSampleWorkflow/529d1e38-80d0-44d2-8cd7-6e04f6de7fd4/call-BaseRecalibrator/shard-10/inputs/416317855/Homo_sapiens_assembly38.fasta -> /mnt/isilon/dbhi_bfx/perry/projects/asif/data/prod-wgs-germline-snps-indels__v20190301/data/hg38/v0/Homo_sapiens_assembly38.fasta: Remote I/O error
[2019-04-17 16:28:10,07] [[38;5;220mwarn[0m] Localization via hard link has failed: /mnt/isilon/dbhi_bfx/perry/projects/asif/seq-format-conversion/cromwell-executions/PairedEndSingleSampleWorkflow/529d1e38-80d0-44d2-8cd7-6e04f6de7fd4/call-BaseRecalibrator/shard-0/inputs/416317855/Homo_sapiens_assembly38.fasta -> /mnt/isilon/dbhi_bfx/perry/projects/asif/data/prod-wgs-germline-snps-indels__v20190301/data/hg38/v0/Homo_sapiens_assembly38.fasta: Remote I/O error
[2019-04-17 16:28:10,07] [[38;5;220mwarn[0m] Localization via hard link has failed: /mnt/isilon/dbhi_bfx/perry/projects/asif/seq-format-conversion/cromwell-executions/PairedEndSingleSampleWorkflow/529d1e38-80d0-44d2-8cd7-6e04f6de7fd4/call-BaseRecalibrator/shard-1/inputs/416317855/Homo_sapiens_assembly38.fasta -> /mnt/isilon/dbhi_bfx/perry/projects/asif/data/prod-wgs-germline-snps-indels__v20190301/data/hg38/v0/Homo_sapiens_assembly38.fasta: Remote I/O error
[2019-04-17 16:28:11,91] [info] BackgroundConfigAsyncJobExecutionActor [[38;5;2m529d1e38[0mPairedEndSingleSampleWorkflow.CrossCheckFingerprints:NA:1]: job id: 179353
[2019-04-17 16:28:11,91] [info] BackgroundConfigAsyncJobExecutionActor [[38;5;2m529d1e38[0mPairedEndSingleSampleWorkflow.CheckContamination:NA:1]: job id: 179358
[2019-04-17 16:28:12,64] [info] BackgroundConfigAsyncJobExecutionActor [[38;5;2m529d1e38[0mPairedEndSingleSampleWorkflow.CrossCheckFingerprints:NA:1]: Status change from - to WaitingForReturnCode
[2019-04-17 16:28:12,64] [info] BackgroundConfigAsyncJobExecutionActor [[38;5;2m529d1e38[0mPairedEndSingleSampleWorkflow.CheckContamination:NA:1]: Status change from - to WaitingForReturnCode
[2019-04-17 16:28:25,10] [info] BackgroundConfigAsyncJobExecutionActor [[38;5;2m529d1e38[0mPairedEndSingleSampleWorkflow.CrossCheckFingerprints:NA:1]: Status change from WaitingForReturnCode to Done
[2019-04-17 16:29:05,62] [info] BackgroundConfigAsyncJobExecutionActor [[38;5;2m529d1e38[0mPairedEndSingleSampleWorkflow.BaseRecalibrator:3:1]: [38;5;5mjava -XX:GCTimeLimit=50 -XX:GCHeapFreeLimit=10 -XX:+PrintFlagsFinal \
  -XX:+PrintGCTimeStamps -XX:+PrintGCDateStamps -XX:+PrintGCDetails \
  -Xloggc:gc_log.log -Dsamjdk.use_async_io=false -Xmx4000m \
  -jar /usr/gitc/GATK4.jar \
  BaseRecalibrator \
  -R /cromwell-executions/PairedEndSingleSampleWorkflow/529d1e38-80d0-44d2-8cd7-6e04f6de7fd4/call-BaseRecalibrator/shard-3/inputs/416317855/Homo_sapiens_assembly38.fasta \
  -I /cromwell-executions/PairedEndSingleSampleWorkflow/529d1e38-80d0-44d2-8cd7-6e04f6de7fd4/call-BaseRecalibrator/shard-3/inputs/-1861546951/EG0081M.aligned.duplicate_marked.sorted.bam \
  --useOriginalQualities \
  -O EG0081M.recal_data.csv \
  -knownSites /cromwell-executions/PairedEndSingleSampleWorkflow/529d1e38-80d0-44d2-8cd7-6e04f6de7fd4/call-BaseRecalibrator/shard-3/inputs/416317855/Homo_sapiens_assembly38.dbsnp138.vcf \
  -knownSites /cromwell-executions/PairedEndSingleSampleWorkflow/529d1e38-80d0-44d2-8cd7-6e04f6de7fd4/call-BaseRecalibrator/shard-3/inputs/416317855/Mills_and_1000G_gold_standard.indels.hg38.vcf.gz -knownSites /cromwell-executions/PairedEndSingleSampleWorkflow/529d1e38-80d0-44d2-8cd7-6e04f6de7fd4/call-BaseRecalibrator/shard-3/inputs/416317855/Homo_sapiens_assembly38.known_indels.vcf.gz \
  -L chr4:1+[0m
[2019-04-17 16:29:06,22] [info] BackgroundConfigAsyncJobExecutionActor [[38;5;2m529d1e38[0mPairedEndSingleSampleWorkflow.BaseRecalibrator:3:1]: executing: export TMPDIR=/home/evansj/me/tmp/
module load singularity

export SIMG=/home/evansj/me/projects/asif/images/
mkdir -p /home/evansj/me/projects/asif/images/broadinstitute
if [ ! -f /home/evansj/me/projects/asif/images/broadinstitute/genomes-in-the-cloud@sha256:d7aa37fc8351074a2d6fb949932d3283cdcefdc8e53729dcf7202bee16ab660a.simg ]; then
    singularity build /home/evansj/me/projects/asif/images/broadinstitute/genomes-in-the-cloud@sha256:d7aa37fc8351074a2d6fb949932d3283cdcefdc8e53729dcf7202bee16ab660a.simg docker://broadinstitute/genomes-in-the-cloud@sha256:d7aa37fc8351074a2d6fb949932d3283cdcefdc8e53729dcf7202bee16ab660a
fi

echo "singularity exec --bind /mnt/isilon/dbhi_bfx/perry/projects/asif/seq-format-conversion/cromwell-executions/PairedEndSingleSampleWorkflow/529d1e38-80d0-44d2-8cd7-6e04f6de7fd4/call-BaseRecalibrator/shard-3:/cromwell-executions/PairedEndSingleSampleWorkflow/529d1e38-80d0-44d2-8cd7-6e04f6de7fd4/call-BaseRecalibrator/shard-3 /home/evansj/me/projects/asif/images/broadinstitute/genomes-in-the-cloud@sha256:d7aa37fc8351074a2d6fb949932d3283cdcefdc8e53729dcf7202bee16ab660a.simg /bin/bash /cromwell-executions/PairedEndSingleSampleWorkflow/529d1e38-80d0-44d2-8cd7-6e04f6de7fd4/call-BaseRecalibrator/shard-3/execution/script" | qsub \
-terse \
-V \
-b n \
-N cromwell_529d1e38_BaseRecalibrator \
-wd /mnt/isilon/dbhi_bfx/perry/projects/asif/seq-format-conversion/cromwell-executions/PairedEndSingleSampleWorkflow/529d1e38-80d0-44d2-8cd7-6e04f6de7fd4/call-BaseRecalibrator/shard-3 \
-pe smp 1 \
-l h_vmem=10.0g \
-l m_mem_free=10.0g \
-q all.q
[2019-04-17 16:29:06,99] [info] BackgroundConfigAsyncJobExecutionActor [[38;5;2m529d1e38[0mPairedEndSingleSampleWorkflow.BaseRecalibrator:13:1]: [38;5;5mjava -XX:GCTimeLimit=50 -XX:GCHeapFreeLimit=10 -XX:+PrintFlagsFinal \
  -XX:+PrintGCTimeStamps -XX:+PrintGCDateStamps -XX:+PrintGCDetails \
  -Xloggc:gc_log.log -Dsamjdk.use_async_io=false -Xmx4000m \
  -jar /usr/gitc/GATK4.jar \
  BaseRecalibrator \
  -R /cromwell-executions/PairedEndSingleSampleWorkflow/529d1e38-80d0-44d2-8cd7-6e04f6de7fd4/call-BaseRecalibrator/shard-13/inputs/416317855/Homo_sapiens_assembly38.fasta \
  -I /cromwell-executions/PairedEndSingleSampleWorkflow/529d1e38-80d0-44d2-8cd7-6e04f6de7fd4/call-BaseRecalibrator/shard-13/inputs/-1861546951/EG0081M.aligned.duplicate_marked.sorted.bam \
  --useOriginalQualities \
  -O EG0081M.recal_data.csv \
  -knownSites /cromwell-executions/PairedEndSingleSampleWorkflow/529d1e38-80d0-44d2-8cd7-6e04f6de7fd4/call-BaseRecalibrator/shard-13/inputs/416317855/Homo_sapiens_assembly38.dbsnp138.vcf \
  -knownSites /cromwell-executions/PairedEndSingleSampleWorkflow/529d1e38-80d0-44d2-8cd7-6e04f6de7fd4/call-BaseRecalibrator/shard-13/inputs/416317855/Mills_and_1000G_gold_standard.indels.hg38.vcf.gz -knownSites /cromwell-executions/PairedEndSingleSampleWorkflow/529d1e38-80d0-44d2-8cd7-6e04f6de7fd4/call-BaseRecalibrator/shard-13/inputs/416317855/Homo_sapiens_assembly38.known_indels.vcf.gz \
  -L chr16:1+ -L chr17:1+[0m
[2019-04-17 16:29:07,12] [info] BackgroundConfigAsyncJobExecutionActor [[38;5;2m529d1e38[0mPairedEndSingleSampleWorkflow.BaseRecalibrator:13:1]: executing: export TMPDIR=/home/evansj/me/tmp/
module load singularity

export SIMG=/home/evansj/me/projects/asif/images/
mkdir -p /home/evansj/me/projects/asif/images/broadinstitute
if [ ! -f /home/evansj/me/projects/asif/images/broadinstitute/genomes-in-the-cloud@sha256:d7aa37fc8351074a2d6fb949932d3283cdcefdc8e53729dcf7202bee16ab660a.simg ]; then
    singularity build /home/evansj/me/projects/asif/images/broadinstitute/genomes-in-the-cloud@sha256:d7aa37fc8351074a2d6fb949932d3283cdcefdc8e53729dcf7202bee16ab660a.simg docker://broadinstitute/genomes-in-the-cloud@sha256:d7aa37fc8351074a2d6fb949932d3283cdcefdc8e53729dcf7202bee16ab660a
fi

echo "singularity exec --bind /mnt/isilon/dbhi_bfx/perry/projects/asif/seq-format-conversion/cromwell-executions/PairedEndSingleSampleWorkflow/529d1e38-80d0-44d2-8cd7-6e04f6de7fd4/call-BaseRecalibrator/shard-13:/cromwell-executions/PairedEndSingleSampleWorkflow/529d1e38-80d0-44d2-8cd7-6e04f6de7fd4/call-BaseRecalibrator/shard-13 /home/evansj/me/projects/asif/images/broadinstitute/genomes-in-the-cloud@sha256:d7aa37fc8351074a2d6fb949932d3283cdcefdc8e53729dcf7202bee16ab660a.simg /bin/bash /cromwell-executions/PairedEndSingleSampleWorkflow/529d1e38-80d0-44d2-8cd7-6e04f6de7fd4/call-BaseRecalibrator/shard-13/execution/script" | qsub \
-terse \
-V \
-b n \
-N cromwell_529d1e38_BaseRecalibrator \
-wd /mnt/isilon/dbhi_bfx/perry/projects/asif/seq-format-conversion/cromwell-executions/PairedEndSingleSampleWorkflow/529d1e38-80d0-44d2-8cd7-6e04f6de7fd4/call-BaseRecalibrator/shard-13 \
-pe smp 1 \
-l h_vmem=10.0g \
-l m_mem_free=10.0g \
-q all.q
